<?xml version="1.0" encoding="UTF-8"?>
<testsuite name="com.devjun.intellij.springboot.domain.posts.PostsRepositoryTest" tests="2" skipped="0" failures="0" errors="0" timestamp="2020-03-01T15:42:11" hostname="Devjun" time="0.103">
  <properties/>
  <testcase name="게시글저장_불러오기" classname="com.devjun.intellij.springboot.domain.posts.PostsRepositoryTest" time="0.095"/>
  <testcase name="BaseTimeEntity_등록" classname="com.devjun.intellij.springboot.domain.posts.PostsRepositoryTest" time="0.007"/>
  <system-out><![CDATA[2020-03-02 00:42:10.209  INFO 4324 --- [    Test worker] .b.t.c.SpringBootTestContextBootstrapper : Neither @ContextConfiguration nor @ContextHierarchy found for test class [com.devjun.intellij.springboot.domain.posts.PostsRepositoryTest], using SpringBootContextLoader
2020-03-02 00:42:10.209  INFO 4324 --- [    Test worker] o.s.t.c.support.AbstractContextLoader    : Could not detect default resource locations for test class [com.devjun.intellij.springboot.domain.posts.PostsRepositoryTest]: no resource found for suffixes {-context.xml, Context.groovy}.
2020-03-02 00:42:10.210  INFO 4324 --- [    Test worker] t.c.s.AnnotationConfigContextLoaderUtils : Could not detect default configuration classes for test class [com.devjun.intellij.springboot.domain.posts.PostsRepositoryTest]: PostsRepositoryTest does not declare any static, non-private, non-final, nested classes annotated with @Configuration.
2020-03-02 00:42:10.216  INFO 4324 --- [    Test worker] .b.t.c.SpringBootTestContextBootstrapper : Found @SpringBootConfiguration com.devjun.intellij.springboot.Application for test class com.devjun.intellij.springboot.domain.posts.PostsRepositoryTest
2020-03-02 00:42:10.218  INFO 4324 --- [    Test worker] .b.t.c.SpringBootTestContextBootstrapper : Loaded default TestExecutionListener class names from location [META-INF/spring.factories]: [org.springframework.security.test.context.support.WithSecurityContextTestExecutionListener, org.springframework.security.test.context.support.ReactorContextTestExecutionListener, org.springframework.boot.test.autoconfigure.restdocs.RestDocsTestExecutionListener, org.springframework.boot.test.autoconfigure.web.client.MockRestServiceServerResetTestExecutionListener, org.springframework.boot.test.autoconfigure.web.servlet.MockMvcPrintOnlyOnFailureTestExecutionListener, org.springframework.boot.test.autoconfigure.web.servlet.WebDriverTestExecutionListener, org.springframework.boot.test.mock.mockito.MockitoTestExecutionListener, org.springframework.boot.test.mock.mockito.ResetMocksTestExecutionListener, org.springframework.test.context.web.ServletTestExecutionListener, org.springframework.test.context.support.DirtiesContextBeforeModesTestExecutionListener, org.springframework.test.context.support.DependencyInjectionTestExecutionListener, org.springframework.test.context.support.DirtiesContextTestExecutionListener, org.springframework.test.context.transaction.TransactionalTestExecutionListener, org.springframework.test.context.jdbc.SqlScriptsTestExecutionListener]
2020-03-02 00:42:10.219  INFO 4324 --- [    Test worker] .b.t.c.SpringBootTestContextBootstrapper : Using TestExecutionListeners: [org.springframework.test.context.web.ServletTestExecutionListener@4c54b2be, org.springframework.test.context.support.DirtiesContextBeforeModesTestExecutionListener@7bb3520f, org.springframework.boot.test.mock.mockito.MockitoTestExecutionListener@52c045, org.springframework.boot.test.autoconfigure.SpringBootDependencyInjectionTestExecutionListener@3d4c4dca, org.springframework.test.context.support.DirtiesContextTestExecutionListener@54e4d99f, org.springframework.test.context.transaction.TransactionalTestExecutionListener@3526ca26, org.springframework.test.context.jdbc.SqlScriptsTestExecutionListener@23e0742f, org.springframework.security.test.context.support.WithSecurityContextTestExecutionListener@7c1d5f84, org.springframework.security.test.context.support.ReactorContextTestExecutionListener@ec759b9, org.springframework.boot.test.autoconfigure.restdocs.RestDocsTestExecutionListener@db3c5bd, org.springframework.boot.test.autoconfigure.web.client.MockRestServiceServerResetTestExecutionListener@2d529928, org.springframework.boot.test.autoconfigure.web.servlet.MockMvcPrintOnlyOnFailureTestExecutionListener@3b250279, org.springframework.boot.test.autoconfigure.web.servlet.WebDriverTestExecutionListener@f9b8e35, org.springframework.boot.test.mock.mockito.ResetMocksTestExecutionListener@1c163c56]

  .   ____          _            __ _ _
 /\\ / ___'_ __ _ _(_)_ __  __ _ \ \ \ \
( ( )\___ | '_ | '_| | '_ \/ _` | \ \ \ \
 \\/  ___)| |_)| | | | | || (_| |  ) ) ) )
  '  |____| .__|_| |_|_| |_\__, | / / / /
 =========|_|==============|___/=/_/_/_/
 :: Spring Boot ::        (v2.1.7.RELEASE)

2020-03-02 00:42:10.238  INFO 4324 --- [    Test worker] c.d.i.s.d.posts.PostsRepositoryTest      : Starting PostsRepositoryTest on Devjun with PID 4324 (started by devju in C:\Users\devju\IdeaProjects\Devjun-springboot2-webservice)
2020-03-02 00:42:10.239  INFO 4324 --- [    Test worker] c.d.i.s.d.posts.PostsRepositoryTest      : No active profile set, falling back to default profiles: default
2020-03-02 00:42:10.395  INFO 4324 --- [    Test worker] .s.d.r.c.RepositoryConfigurationDelegate : Bootstrapping Spring Data repositories in DEFAULT mode.
2020-03-02 00:42:10.413  INFO 4324 --- [    Test worker] .s.d.r.c.RepositoryConfigurationDelegate : Finished Spring Data repository scanning in 18ms. Found 2 repository interfaces.
2020-03-02 00:42:10.489  INFO 4324 --- [    Test worker] trationDelegate$BeanPostProcessorChecker : Bean 'org.springframework.transaction.annotation.ProxyTransactionManagementConfiguration' of type [org.springframework.transaction.annotation.ProxyTransactionManagementConfiguration$$EnhancerBySpringCGLIB$$7bf4f5b9] is not eligible for getting processed by all BeanPostProcessors (for example: not eligible for auto-proxying)
2020-03-02 00:42:10.553  INFO 4324 --- [    Test worker] com.zaxxer.hikari.HikariDataSource       : HikariPool-2 - Starting...
2020-03-02 00:42:10.554  INFO 4324 --- [    Test worker] com.zaxxer.hikari.HikariDataSource       : HikariPool-2 - Start completed.
2020-03-02 00:42:10.576  INFO 4324 --- [    Test worker] o.hibernate.jpa.internal.util.LogHelper  : HHH000204: Processing PersistenceUnitInfo [
	name: default
	...]
2020-03-02 00:42:10.583  INFO 4324 --- [    Test worker] org.hibernate.dialect.Dialect            : HHH000400: Using dialect: org.hibernate.dialect.MySQL5InnoDBDialect
Hibernate: drop table if exists posts
Hibernate: drop table if exists user
Hibernate: create table posts (id bigint not null auto_increment, created_date datetime, modified_date datetime, author varchar(255), content TEXT not null, title varchar(500) not null, primary key (id)) engine=InnoDB
Hibernate: create table user (id bigint not null auto_increment, created_date datetime, modified_date datetime, email varchar(255) not null, name varchar(255) not null, picture varchar(255), role varchar(255) not null, primary key (id)) engine=InnoDB
2020-03-02 00:42:10.632  INFO 4324 --- [    Test worker] o.h.t.schema.internal.SchemaCreatorImpl  : HHH000476: Executing import script 'org.hibernate.tool.schema.internal.exec.ScriptSourceInputNonExistentImpl@5c2a64ba'
2020-03-02 00:42:10.632  INFO 4324 --- [    Test worker] j.LocalContainerEntityManagerFactoryBean : Initialized JPA EntityManagerFactory for persistence unit 'default'
2020-03-02 00:42:10.769  INFO 4324 --- [    Test worker] o.h.h.i.QueryTranslatorFactoryInitiator  : HHH000397: Using ASTQueryTranslatorFactory
2020-03-02 00:42:10.877  INFO 4324 --- [    Test worker] o.s.s.web.DefaultSecurityFilterChain     : Creating filter chain: any request, [org.springframework.security.web.context.request.async.WebAsyncManagerIntegrationFilter@680496d, org.springframework.security.web.context.SecurityContextPersistenceFilter@2dd42e42, org.springframework.security.web.header.HeaderWriterFilter@48f99d82, org.springframework.security.web.authentication.logout.LogoutFilter@4053c0c8, org.springframework.security.oauth2.client.web.OAuth2AuthorizationRequestRedirectFilter@1b96d8b4, org.springframework.security.oauth2.client.web.OAuth2LoginAuthenticationFilter@5518dc83, org.springframework.security.web.authentication.ui.DefaultLoginPageGeneratingFilter@4c79513b, org.springframework.security.web.authentication.ui.DefaultLogoutPageGeneratingFilter@59db9aef, org.springframework.security.web.savedrequest.RequestCacheAwareFilter@274584ea, org.springframework.security.web.servletapi.SecurityContextHolderAwareRequestFilter@2354180d, org.springframework.security.web.authentication.AnonymousAuthenticationFilter@74a5ba18, org.springframework.security.web.session.SessionManagementFilter@2bf89753, org.springframework.security.web.access.ExceptionTranslationFilter@5aba0426, org.springframework.security.web.access.intercept.FilterSecurityInterceptor@38fcef15]
2020-03-02 00:42:11.071  INFO 4324 --- [    Test worker] o.s.s.concurrent.ThreadPoolTaskExecutor  : Initializing ExecutorService 'applicationTaskExecutor'
2020-03-02 00:42:11.080  WARN 4324 --- [    Test worker] aWebConfiguration$JpaWebMvcConfiguration : spring.jpa.open-in-view is enabled by default. Therefore, database queries may be performed during view rendering. Explicitly configure spring.jpa.open-in-view to disable this warning
2020-03-02 00:42:11.100  INFO 4324 --- [    Test worker] o.s.b.a.w.s.WelcomePageHandlerMapping    : Adding welcome page template: index
2020-03-02 00:42:11.354  INFO 4324 --- [    Test worker] s.a.ScheduledAnnotationBeanPostProcessor : No TaskScheduler/ScheduledExecutorService bean found for scheduled processing
2020-03-02 00:42:11.355  INFO 4324 --- [    Test worker] c.d.i.s.d.posts.PostsRepositoryTest      : Started PostsRepositoryTest in 1.135 seconds (JVM running for 8.281)
Hibernate: insert into posts (created_date, modified_date, author, content, title) values (?, ?, ?, ?, ?)
Hibernate: select posts0_.id as id1_0_, posts0_.created_date as created_2_0_, posts0_.modified_date as modified3_0_, posts0_.author as author4_0_, posts0_.content as content5_0_, posts0_.title as title6_0_ from posts posts0_
Hibernate: select posts0_.id as id1_0_, posts0_.created_date as created_2_0_, posts0_.modified_date as modified3_0_, posts0_.author as author4_0_, posts0_.content as content5_0_, posts0_.title as title6_0_ from posts posts0_
Hibernate: delete from posts where id=?
Hibernate: insert into posts (created_date, modified_date, author, content, title) values (?, ?, ?, ?, ?)
Hibernate: select posts0_.id as id1_0_, posts0_.created_date as created_2_0_, posts0_.modified_date as modified3_0_, posts0_.author as author4_0_, posts0_.content as content5_0_, posts0_.title as title6_0_ from posts posts0_
>>>>>>>>>>>>> createDate=2020-03-02T00:42:11.456 , modifiedDate=2020-03-02T00:42:11.456
Hibernate: select posts0_.id as id1_0_, posts0_.created_date as created_2_0_, posts0_.modified_date as modified3_0_, posts0_.author as author4_0_, posts0_.content as content5_0_, posts0_.title as title6_0_ from posts posts0_
Hibernate: delete from posts where id=?
]]></system-out>
  <system-err><![CDATA[]]></system-err>
</testsuite>
