<?xml version="1.0" encoding="UTF-8"?>
<testsuite name="com.devjun.intellij.springboot.web.HelloControllerTest" tests="2" skipped="0" failures="0" errors="0" timestamp="2020-03-01T15:42:05" hostname="Devjun" time="0.256">
  <properties/>
  <testcase name="return_HelloDto" classname="com.devjun.intellij.springboot.web.HelloControllerTest" time="0.249"/>
  <testcase name="return_Hello" classname="com.devjun.intellij.springboot.web.HelloControllerTest" time="0.006"/>
  <system-out><![CDATA[00:42:03.639 [Test worker] DEBUG org.springframework.test.context.junit4.SpringJUnit4ClassRunner - SpringJUnit4ClassRunner constructor called with [class com.devjun.intellij.springboot.web.HelloControllerTest]
00:42:03.646 [Test worker] DEBUG org.springframework.test.context.BootstrapUtils - Instantiating CacheAwareContextLoaderDelegate from class [org.springframework.test.context.cache.DefaultCacheAwareContextLoaderDelegate]
00:42:03.654 [Test worker] DEBUG org.springframework.test.context.BootstrapUtils - Instantiating BootstrapContext using constructor [public org.springframework.test.context.support.DefaultBootstrapContext(java.lang.Class,org.springframework.test.context.CacheAwareContextLoaderDelegate)]
00:42:03.671 [Test worker] DEBUG org.springframework.test.context.BootstrapUtils - Instantiating TestContextBootstrapper for test class [com.devjun.intellij.springboot.web.HelloControllerTest] from class [org.springframework.boot.test.autoconfigure.web.servlet.WebMvcTestContextBootstrapper]
00:42:03.688 [Test worker] INFO org.springframework.boot.test.autoconfigure.web.servlet.WebMvcTestContextBootstrapper - Neither @ContextConfiguration nor @ContextHierarchy found for test class [com.devjun.intellij.springboot.web.HelloControllerTest], using SpringBootContextLoader
00:42:03.691 [Test worker] DEBUG org.springframework.test.context.support.AbstractContextLoader - Did not detect default resource location for test class [com.devjun.intellij.springboot.web.HelloControllerTest]: class path resource [com/devjun/intellij/springboot/web/HelloControllerTest-context.xml] does not exist
00:42:03.691 [Test worker] DEBUG org.springframework.test.context.support.AbstractContextLoader - Did not detect default resource location for test class [com.devjun.intellij.springboot.web.HelloControllerTest]: class path resource [com/devjun/intellij/springboot/web/HelloControllerTestContext.groovy] does not exist
00:42:03.692 [Test worker] INFO org.springframework.test.context.support.AbstractContextLoader - Could not detect default resource locations for test class [com.devjun.intellij.springboot.web.HelloControllerTest]: no resource found for suffixes {-context.xml, Context.groovy}.
00:42:03.692 [Test worker] INFO org.springframework.test.context.support.AnnotationConfigContextLoaderUtils - Could not detect default configuration classes for test class [com.devjun.intellij.springboot.web.HelloControllerTest]: HelloControllerTest does not declare any static, non-private, non-final, nested classes annotated with @Configuration.
00:42:03.749 [Test worker] DEBUG org.springframework.test.context.support.ActiveProfilesUtils - Could not find an 'annotation declaring class' for annotation type [org.springframework.test.context.ActiveProfiles] and class [com.devjun.intellij.springboot.web.HelloControllerTest]
00:42:03.815 [Test worker] DEBUG org.springframework.context.annotation.ClassPathScanningCandidateComponentProvider - Identified candidate component class: file [C:\Users\devju\IdeaProjects\Devjun-springboot2-webservice\build\classes\java\main\com\devjun\intellij\springboot\Application.class]
00:42:03.816 [Test worker] INFO org.springframework.boot.test.context.SpringBootTestContextBootstrapper - Found @SpringBootConfiguration com.devjun.intellij.springboot.Application for test class com.devjun.intellij.springboot.web.HelloControllerTest
00:42:03.818 [Test worker] DEBUG org.springframework.boot.test.autoconfigure.web.servlet.WebMvcTestContextBootstrapper - @TestExecutionListeners is not present for class [com.devjun.intellij.springboot.web.HelloControllerTest]: using defaults.
00:42:03.818 [Test worker] INFO org.springframework.boot.test.autoconfigure.web.servlet.WebMvcTestContextBootstrapper - Loaded default TestExecutionListener class names from location [META-INF/spring.factories]: [org.springframework.security.test.context.support.WithSecurityContextTestExecutionListener, org.springframework.security.test.context.support.ReactorContextTestExecutionListener, org.springframework.boot.test.autoconfigure.restdocs.RestDocsTestExecutionListener, org.springframework.boot.test.autoconfigure.web.client.MockRestServiceServerResetTestExecutionListener, org.springframework.boot.test.autoconfigure.web.servlet.MockMvcPrintOnlyOnFailureTestExecutionListener, org.springframework.boot.test.autoconfigure.web.servlet.WebDriverTestExecutionListener, org.springframework.boot.test.mock.mockito.MockitoTestExecutionListener, org.springframework.boot.test.mock.mockito.ResetMocksTestExecutionListener, org.springframework.test.context.web.ServletTestExecutionListener, org.springframework.test.context.support.DirtiesContextBeforeModesTestExecutionListener, org.springframework.test.context.support.DependencyInjectionTestExecutionListener, org.springframework.test.context.support.DirtiesContextTestExecutionListener, org.springframework.test.context.transaction.TransactionalTestExecutionListener, org.springframework.test.context.jdbc.SqlScriptsTestExecutionListener]
00:42:03.837 [Test worker] INFO org.springframework.boot.test.autoconfigure.web.servlet.WebMvcTestContextBootstrapper - Using TestExecutionListeners: [org.springframework.test.context.web.ServletTestExecutionListener@63aa2b71, org.springframework.test.context.support.DirtiesContextBeforeModesTestExecutionListener@8834b8f, org.springframework.boot.test.mock.mockito.MockitoTestExecutionListener@192a0e98, org.springframework.boot.test.autoconfigure.SpringBootDependencyInjectionTestExecutionListener@20a19987, org.springframework.test.context.support.DirtiesContextTestExecutionListener@12e2df41, org.springframework.test.context.transaction.TransactionalTestExecutionListener@2f31a1, org.springframework.test.context.jdbc.SqlScriptsTestExecutionListener@49b8a1f2, org.springframework.security.test.context.support.WithSecurityContextTestExecutionListener@657974e3, org.springframework.security.test.context.support.ReactorContextTestExecutionListener@6165b7da, org.springframework.boot.test.autoconfigure.restdocs.RestDocsTestExecutionListener@18be206e, org.springframework.boot.test.autoconfigure.web.client.MockRestServiceServerResetTestExecutionListener@1405a5ba, org.springframework.boot.test.autoconfigure.web.servlet.MockMvcPrintOnlyOnFailureTestExecutionListener@3a7515b5, org.springframework.boot.test.autoconfigure.web.servlet.WebDriverTestExecutionListener@76e2be46, org.springframework.boot.test.mock.mockito.ResetMocksTestExecutionListener@1fb64da4]
00:42:03.840 [Test worker] DEBUG org.springframework.test.annotation.ProfileValueUtils - Retrieved @ProfileValueSourceConfiguration [null] for test class [com.devjun.intellij.springboot.web.HelloControllerTest]
00:42:03.841 [Test worker] DEBUG org.springframework.test.annotation.ProfileValueUtils - Retrieved ProfileValueSource type [class org.springframework.test.annotation.SystemProfileValueSource] for class [com.devjun.intellij.springboot.web.HelloControllerTest]
00:42:03.841 [Test worker] DEBUG org.springframework.test.annotation.ProfileValueUtils - Retrieved @ProfileValueSourceConfiguration [null] for test class [com.devjun.intellij.springboot.web.HelloControllerTest]
00:42:03.841 [Test worker] DEBUG org.springframework.test.annotation.ProfileValueUtils - Retrieved ProfileValueSource type [class org.springframework.test.annotation.SystemProfileValueSource] for class [com.devjun.intellij.springboot.web.HelloControllerTest]
00:42:03.845 [Test worker] DEBUG org.springframework.test.context.support.AbstractDirtiesContextTestExecutionListener - Before test class: context [DefaultTestContext@2650986a testClass = HelloControllerTest, testInstance = [null], testMethod = [null], testException = [null], mergedContextConfiguration = [WebMergedContextConfiguration@7c429e70 testClass = HelloControllerTest, locations = '{}', classes = '{class com.devjun.intellij.springboot.Application}', contextInitializerClasses = '[]', activeProfiles = '{}', propertySourceLocations = '{}', propertySourceProperties = '{org.springframework.boot.test.autoconfigure.web.servlet.WebMvcTestContextBootstrapper=true}', contextCustomizers = set[org.springframework.boot.test.autoconfigure.OverrideAutoConfigurationContextCustomizerFactory$DisableAutoConfigurationContextCustomizer@73a57c20, org.springframework.boot.test.autoconfigure.filter.TypeExcludeFiltersContextCustomizer@30dc0a8c, org.springframework.boot.test.autoconfigure.properties.PropertyMappingContextCustomizer@dff1d15a, org.springframework.boot.test.autoconfigure.web.servlet.WebDriverContextCustomizerFactory$Customizer@28cc386f, [ImportsContextCustomizer@38d733c9 key = [org.springframework.boot.autoconfigure.cache.CacheAutoConfiguration, org.springframework.boot.autoconfigure.context.MessageSourceAutoConfiguration, org.springframework.boot.autoconfigure.data.web.SpringDataWebAutoConfiguration, org.springframework.boot.autoconfigure.freemarker.FreeMarkerAutoConfiguration, org.springframework.boot.autoconfigure.groovy.template.GroovyTemplateAutoConfiguration, org.springframework.boot.autoconfigure.gson.GsonAutoConfiguration, org.springframework.boot.autoconfigure.hateoas.HypermediaAutoConfiguration, org.springframework.boot.autoconfigure.http.HttpMessageConvertersAutoConfiguration, org.springframework.boot.autoconfigure.jackson.JacksonAutoConfiguration, org.springframework.boot.autoconfigure.jsonb.JsonbAutoConfiguration, org.springframework.boot.autoconfigure.mustache.MustacheAutoConfiguration, org.springframework.boot.autoconfigure.task.TaskExecutionAutoConfiguration, org.springframework.boot.autoconfigure.thymeleaf.ThymeleafAutoConfiguration, org.springframework.boot.autoconfigure.validation.ValidationAutoConfiguration, org.springframework.boot.autoconfigure.web.servlet.error.ErrorMvcAutoConfiguration, org.springframework.boot.autoconfigure.web.servlet.WebMvcAutoConfiguration, org.springframework.boot.test.autoconfigure.web.servlet.MockMvcAutoConfiguration, org.springframework.boot.test.autoconfigure.web.servlet.MockMvcSecurityAutoConfiguration, org.springframework.boot.test.autoconfigure.web.servlet.MockMvcWebClientAutoConfiguration, org.springframework.boot.test.autoconfigure.web.servlet.MockMvcWebDriverAutoConfiguration]], org.springframework.boot.test.context.filter.ExcludeFilterContextCustomizer@69e0d7fc, org.springframework.boot.test.json.DuplicateJsonObjectContextCustomizerFactory$DuplicateJsonObjectContextCustomizer@284f85ed, org.springframework.boot.test.mock.mockito.MockitoContextCustomizer@0], resourceBasePath = 'src/main/webapp', contextLoader = 'org.springframework.boot.test.context.SpringBootContextLoader', parent = [null]], attributes = map[[empty]]], class annotated with @DirtiesContext [false] with mode [null].
00:42:03.846 [Test worker] DEBUG org.springframework.test.annotation.ProfileValueUtils - Retrieved @ProfileValueSourceConfiguration [null] for test class [com.devjun.intellij.springboot.web.HelloControllerTest]
00:42:03.847 [Test worker] DEBUG org.springframework.test.annotation.ProfileValueUtils - Retrieved ProfileValueSource type [class org.springframework.test.annotation.SystemProfileValueSource] for class [com.devjun.intellij.springboot.web.HelloControllerTest]
00:42:03.850 [Test worker] DEBUG org.springframework.test.context.support.DependencyInjectionTestExecutionListener - Performing dependency injection for test context [[DefaultTestContext@2650986a testClass = HelloControllerTest, testInstance = com.devjun.intellij.springboot.web.HelloControllerTest@5bd950eb, testMethod = [null], testException = [null], mergedContextConfiguration = [WebMergedContextConfiguration@7c429e70 testClass = HelloControllerTest, locations = '{}', classes = '{class com.devjun.intellij.springboot.Application}', contextInitializerClasses = '[]', activeProfiles = '{}', propertySourceLocations = '{}', propertySourceProperties = '{org.springframework.boot.test.autoconfigure.web.servlet.WebMvcTestContextBootstrapper=true}', contextCustomizers = set[org.springframework.boot.test.autoconfigure.OverrideAutoConfigurationContextCustomizerFactory$DisableAutoConfigurationContextCustomizer@73a57c20, org.springframework.boot.test.autoconfigure.filter.TypeExcludeFiltersContextCustomizer@30dc0a8c, org.springframework.boot.test.autoconfigure.properties.PropertyMappingContextCustomizer@dff1d15a, org.springframework.boot.test.autoconfigure.web.servlet.WebDriverContextCustomizerFactory$Customizer@28cc386f, [ImportsContextCustomizer@38d733c9 key = [org.springframework.boot.autoconfigure.cache.CacheAutoConfiguration, org.springframework.boot.autoconfigure.context.MessageSourceAutoConfiguration, org.springframework.boot.autoconfigure.data.web.SpringDataWebAutoConfiguration, org.springframework.boot.autoconfigure.freemarker.FreeMarkerAutoConfiguration, org.springframework.boot.autoconfigure.groovy.template.GroovyTemplateAutoConfiguration, org.springframework.boot.autoconfigure.gson.GsonAutoConfiguration, org.springframework.boot.autoconfigure.hateoas.HypermediaAutoConfiguration, org.springframework.boot.autoconfigure.http.HttpMessageConvertersAutoConfiguration, org.springframework.boot.autoconfigure.jackson.JacksonAutoConfiguration, org.springframework.boot.autoconfigure.jsonb.JsonbAutoConfiguration, org.springframework.boot.autoconfigure.mustache.MustacheAutoConfiguration, org.springframework.boot.autoconfigure.task.TaskExecutionAutoConfiguration, org.springframework.boot.autoconfigure.thymeleaf.ThymeleafAutoConfiguration, org.springframework.boot.autoconfigure.validation.ValidationAutoConfiguration, org.springframework.boot.autoconfigure.web.servlet.error.ErrorMvcAutoConfiguration, org.springframework.boot.autoconfigure.web.servlet.WebMvcAutoConfiguration, org.springframework.boot.test.autoconfigure.web.servlet.MockMvcAutoConfiguration, org.springframework.boot.test.autoconfigure.web.servlet.MockMvcSecurityAutoConfiguration, org.springframework.boot.test.autoconfigure.web.servlet.MockMvcWebClientAutoConfiguration, org.springframework.boot.test.autoconfigure.web.servlet.MockMvcWebDriverAutoConfiguration]], org.springframework.boot.test.context.filter.ExcludeFilterContextCustomizer@69e0d7fc, org.springframework.boot.test.json.DuplicateJsonObjectContextCustomizerFactory$DuplicateJsonObjectContextCustomizer@284f85ed, org.springframework.boot.test.mock.mockito.MockitoContextCustomizer@0], resourceBasePath = 'src/main/webapp', contextLoader = 'org.springframework.boot.test.context.SpringBootContextLoader', parent = [null]], attributes = map[[empty]]]].
00:42:03.953 [Test worker] DEBUG org.springframework.test.context.support.TestPropertySourceUtils - Adding inlined properties to environment: {spring.jmx.enabled=false, org.springframework.boot.test.autoconfigure.web.servlet.WebMvcTestContextBootstrapper=true, server.port=-1}

  .   ____          _            __ _ _
 /\\ / ___'_ __ _ _(_)_ __  __ _ \ \ \ \
( ( )\___ | '_ | '_| | '_ \/ _` | \ \ \ \
 \\/  ___)| |_)| | | | | || (_| |  ) ) ) )
  '  |____| .__|_| |_|_| |_\__, | / / / /
 =========|_|==============|___/=/_/_/_/
 :: Spring Boot ::        (v2.1.7.RELEASE)

2020-03-02 00:42:04.153  INFO 4324 --- [    Test worker] c.d.i.s.web.HelloControllerTest          : Starting HelloControllerTest on Devjun with PID 4324 (started by devju in C:\Users\devju\IdeaProjects\Devjun-springboot2-webservice)
2020-03-02 00:42:04.156  INFO 4324 --- [    Test worker] c.d.i.s.web.HelloControllerTest          : No active profile set, falling back to default profiles: default
2020-03-02 00:42:05.224  INFO 4324 --- [    Test worker] o.s.s.concurrent.ThreadPoolTaskExecutor  : Initializing ExecutorService 'applicationTaskExecutor'
2020-03-02 00:42:05.298  INFO 4324 --- [    Test worker] o.s.b.a.w.s.WelcomePageHandlerMapping    : Adding welcome page template: index
2020-03-02 00:42:05.561  INFO 4324 --- [    Test worker] .s.s.UserDetailsServiceAutoConfiguration : 

Using generated security password: 59f21769-3d22-4865-998a-e51c3c9a226f

2020-03-02 00:42:05.769  INFO 4324 --- [    Test worker] o.s.s.web.DefaultSecurityFilterChain     : Creating filter chain: any request, [org.springframework.security.web.context.request.async.WebAsyncManagerIntegrationFilter@6ffff7de, org.springframework.security.web.context.SecurityContextPersistenceFilter@1b522af, org.springframework.security.web.header.HeaderWriterFilter@78a7d535, org.springframework.security.web.csrf.CsrfFilter@679e426d, org.springframework.security.web.authentication.logout.LogoutFilter@50a816a, org.springframework.security.web.authentication.UsernamePasswordAuthenticationFilter@3f966c9a, org.springframework.security.web.authentication.ui.DefaultLoginPageGeneratingFilter@3742db9e, org.springframework.security.web.authentication.ui.DefaultLogoutPageGeneratingFilter@421c26e8, org.springframework.security.web.authentication.www.BasicAuthenticationFilter@3b1575dc, org.springframework.security.web.savedrequest.RequestCacheAwareFilter@5ef91f8f, org.springframework.security.web.servletapi.SecurityContextHolderAwareRequestFilter@34adcb9d, org.springframework.security.web.authentication.AnonymousAuthenticationFilter@59966767, org.springframework.security.web.session.SessionManagementFilter@4c887f7d, org.springframework.security.web.access.ExceptionTranslationFilter@3b2f6dba, org.springframework.security.web.access.intercept.FilterSecurityInterceptor@b801b52]
2020-03-02 00:42:05.804  INFO 4324 --- [    Test worker] o.s.b.t.m.w.SpringBootMockServletContext : Initializing Spring TestDispatcherServlet ''
2020-03-02 00:42:05.804  INFO 4324 --- [    Test worker] o.s.t.web.servlet.TestDispatcherServlet  : Initializing Servlet ''
2020-03-02 00:42:05.816  INFO 4324 --- [    Test worker] o.s.t.web.servlet.TestDispatcherServlet  : Completed initialization in 12 ms
2020-03-02 00:42:05.853  INFO 4324 --- [    Test worker] c.d.i.s.web.HelloControllerTest          : Started HelloControllerTest in 1.893 seconds (JVM running for 2.78)
]]></system-out>
  <system-err><![CDATA[]]></system-err>
</testsuite>
