<?xml version="1.0" encoding="UTF-8"?>
<testsuite name="com.devjun.intellij.springboot.web.HelloControllerTest" tests="2" skipped="0" failures="0" errors="0" timestamp="2020-03-10T13:51:40" hostname="Devjun" time="0.161">
  <properties/>
  <testcase name="return_HelloDto" classname="com.devjun.intellij.springboot.web.HelloControllerTest" time="0.152"/>
  <testcase name="return_Hello" classname="com.devjun.intellij.springboot.web.HelloControllerTest" time="0.008"/>
  <system-out><![CDATA[2020-03-10 22:51:39.913  INFO 5952 --- [    Test worker] .b.t.a.w.s.WebMvcTestContextBootstrapper : Neither @ContextConfiguration nor @ContextHierarchy found for test class [com.devjun.intellij.springboot.web.HelloControllerTest], using SpringBootContextLoader
2020-03-10 22:51:39.914  INFO 5952 --- [    Test worker] o.s.t.c.support.AbstractContextLoader    : Could not detect default resource locations for test class [com.devjun.intellij.springboot.web.HelloControllerTest]: no resource found for suffixes {-context.xml, Context.groovy}.
2020-03-10 22:51:39.914  INFO 5952 --- [    Test worker] t.c.s.AnnotationConfigContextLoaderUtils : Could not detect default configuration classes for test class [com.devjun.intellij.springboot.web.HelloControllerTest]: HelloControllerTest does not declare any static, non-private, non-final, nested classes annotated with @Configuration.
2020-03-10 22:51:39.941  INFO 5952 --- [    Test worker] .b.t.c.SpringBootTestContextBootstrapper : Found @SpringBootConfiguration com.devjun.intellij.springboot.Application for test class com.devjun.intellij.springboot.web.HelloControllerTest
2020-03-10 22:51:39.942  INFO 5952 --- [    Test worker] .b.t.a.w.s.WebMvcTestContextBootstrapper : Loaded default TestExecutionListener class names from location [META-INF/spring.factories]: [org.springframework.security.test.context.support.WithSecurityContextTestExecutionListener, org.springframework.security.test.context.support.ReactorContextTestExecutionListener, org.springframework.boot.test.autoconfigure.restdocs.RestDocsTestExecutionListener, org.springframework.boot.test.autoconfigure.web.client.MockRestServiceServerResetTestExecutionListener, org.springframework.boot.test.autoconfigure.web.servlet.MockMvcPrintOnlyOnFailureTestExecutionListener, org.springframework.boot.test.autoconfigure.web.servlet.WebDriverTestExecutionListener, org.springframework.boot.test.mock.mockito.MockitoTestExecutionListener, org.springframework.boot.test.mock.mockito.ResetMocksTestExecutionListener, org.springframework.test.context.web.ServletTestExecutionListener, org.springframework.test.context.support.DirtiesContextBeforeModesTestExecutionListener, org.springframework.test.context.support.DependencyInjectionTestExecutionListener, org.springframework.test.context.support.DirtiesContextTestExecutionListener, org.springframework.test.context.transaction.TransactionalTestExecutionListener, org.springframework.test.context.jdbc.SqlScriptsTestExecutionListener]
2020-03-10 22:51:39.944  INFO 5952 --- [    Test worker] .b.t.a.w.s.WebMvcTestContextBootstrapper : Using TestExecutionListeners: [org.springframework.test.context.web.ServletTestExecutionListener@6b69d1be, org.springframework.test.context.support.DirtiesContextBeforeModesTestExecutionListener@7e4606ff, org.springframework.boot.test.mock.mockito.MockitoTestExecutionListener@284f9637, org.springframework.boot.test.autoconfigure.SpringBootDependencyInjectionTestExecutionListener@72148ed4, org.springframework.test.context.support.DirtiesContextTestExecutionListener@57d54509, org.springframework.test.context.transaction.TransactionalTestExecutionListener@196ac0f2, org.springframework.test.context.jdbc.SqlScriptsTestExecutionListener@4dc003c6, org.springframework.security.test.context.support.WithSecurityContextTestExecutionListener@1b745684, org.springframework.security.test.context.support.ReactorContextTestExecutionListener@6674a5ee, org.springframework.boot.test.autoconfigure.restdocs.RestDocsTestExecutionListener@29d68482, org.springframework.boot.test.autoconfigure.web.client.MockRestServiceServerResetTestExecutionListener@64c56c4d, org.springframework.boot.test.autoconfigure.web.servlet.MockMvcPrintOnlyOnFailureTestExecutionListener@5dbcc627, org.springframework.boot.test.autoconfigure.web.servlet.WebDriverTestExecutionListener@1ea443ab, org.springframework.boot.test.mock.mockito.ResetMocksTestExecutionListener@3cb2669]

  .   ____          _            __ _ _
 /\\ / ___'_ __ _ _(_)_ __  __ _ \ \ \ \
( ( )\___ | '_ | '_| | '_ \/ _` | \ \ \ \
 \\/  ___)| |_)| | | | | || (_| |  ) ) ) )
  '  |____| .__|_| |_|_| |_\__, | / / / /
 =========|_|==============|___/=/_/_/_/
 :: Spring Boot ::        (v2.1.7.RELEASE)

2020-03-10 22:51:39.980  INFO 5952 --- [    Test worker] c.d.i.s.web.HelloControllerTest          : Starting HelloControllerTest on Devjun with PID 5952 (started by devju in C:\Users\devju\IdeaProjects\Devjun-springboot2-webservice)
2020-03-10 22:51:39.981  INFO 5952 --- [    Test worker] c.d.i.s.web.HelloControllerTest          : No active profile set, falling back to default profiles: default
2020-03-10 22:51:40.363  INFO 5952 --- [    Test worker] o.s.s.concurrent.ThreadPoolTaskExecutor  : Initializing ExecutorService 'applicationTaskExecutor'
2020-03-10 22:51:40.390  INFO 5952 --- [    Test worker] o.s.b.a.w.s.WelcomePageHandlerMapping    : Adding welcome page template: index
2020-03-10 22:51:40.558  INFO 5952 --- [    Test worker] .s.s.UserDetailsServiceAutoConfiguration : 

Using generated security password: 18633108-96f3-4daa-94af-970e60fd25bf

2020-03-10 22:51:40.682  INFO 5952 --- [    Test worker] o.s.s.web.DefaultSecurityFilterChain     : Creating filter chain: any request, [org.springframework.security.web.context.request.async.WebAsyncManagerIntegrationFilter@39a4d56f, org.springframework.security.web.context.SecurityContextPersistenceFilter@1bf2acf9, org.springframework.security.web.header.HeaderWriterFilter@46121bf3, org.springframework.security.web.csrf.CsrfFilter@35673963, org.springframework.security.web.authentication.logout.LogoutFilter@6e552f5f, org.springframework.security.web.authentication.UsernamePasswordAuthenticationFilter@4952f86d, org.springframework.security.web.authentication.ui.DefaultLoginPageGeneratingFilter@6cced3e7, org.springframework.security.web.authentication.ui.DefaultLogoutPageGeneratingFilter@503183a, org.springframework.security.web.authentication.www.BasicAuthenticationFilter@50d9519f, org.springframework.security.web.savedrequest.RequestCacheAwareFilter@64cac021, org.springframework.security.web.servletapi.SecurityContextHolderAwareRequestFilter@325192c8, org.springframework.security.web.authentication.AnonymousAuthenticationFilter@1f4cf4ac, org.springframework.security.web.session.SessionManagementFilter@4a328e73, org.springframework.security.web.access.ExceptionTranslationFilter@4107d80e, org.springframework.security.web.access.intercept.FilterSecurityInterceptor@49086b85]
2020-03-10 22:51:40.720  INFO 5952 --- [    Test worker] o.s.b.t.m.w.SpringBootMockServletContext : Initializing Spring TestDispatcherServlet ''
2020-03-10 22:51:40.720  INFO 5952 --- [    Test worker] o.s.t.web.servlet.TestDispatcherServlet  : Initializing Servlet ''
2020-03-10 22:51:40.736  INFO 5952 --- [    Test worker] o.s.t.web.servlet.TestDispatcherServlet  : Completed initialization in 16 ms
2020-03-10 22:51:40.760  INFO 5952 --- [    Test worker] c.d.i.s.web.HelloControllerTest          : Started HelloControllerTest in 0.814 seconds (JVM running for 8.355)
]]></system-out>
  <system-err><![CDATA[]]></system-err>
</testsuite>
