<?xml version="1.0" encoding="UTF-8"?>
<testsuite name="com.devjun.intellij.springboot.web.IndexControllerTest" tests="1" skipped="0" failures="0" errors="0" timestamp="2020-03-10T13:51:42" hostname="Devjun" time="0.16">
  <properties/>
  <testcase name="load_mainPage" classname="com.devjun.intellij.springboot.web.IndexControllerTest" time="0.16"/>
  <system-out><![CDATA[2020-03-10 22:51:40.925  INFO 5952 --- [    Test worker] .b.t.c.SpringBootTestContextBootstrapper : Neither @ContextConfiguration nor @ContextHierarchy found for test class [com.devjun.intellij.springboot.web.IndexControllerTest], using SpringBootContextLoader
2020-03-10 22:51:40.925  INFO 5952 --- [    Test worker] o.s.t.c.support.AbstractContextLoader    : Could not detect default resource locations for test class [com.devjun.intellij.springboot.web.IndexControllerTest]: no resource found for suffixes {-context.xml, Context.groovy}.
2020-03-10 22:51:40.925  INFO 5952 --- [    Test worker] t.c.s.AnnotationConfigContextLoaderUtils : Could not detect default configuration classes for test class [com.devjun.intellij.springboot.web.IndexControllerTest]: IndexControllerTest does not declare any static, non-private, non-final, nested classes annotated with @Configuration.
2020-03-10 22:51:40.927  INFO 5952 --- [    Test worker] .b.t.c.SpringBootTestContextBootstrapper : Found @SpringBootConfiguration com.devjun.intellij.springboot.Application for test class com.devjun.intellij.springboot.web.IndexControllerTest
2020-03-10 22:51:40.928  INFO 5952 --- [    Test worker] .b.t.c.SpringBootTestContextBootstrapper : Loaded default TestExecutionListener class names from location [META-INF/spring.factories]: [org.springframework.security.test.context.support.WithSecurityContextTestExecutionListener, org.springframework.security.test.context.support.ReactorContextTestExecutionListener, org.springframework.boot.test.autoconfigure.restdocs.RestDocsTestExecutionListener, org.springframework.boot.test.autoconfigure.web.client.MockRestServiceServerResetTestExecutionListener, org.springframework.boot.test.autoconfigure.web.servlet.MockMvcPrintOnlyOnFailureTestExecutionListener, org.springframework.boot.test.autoconfigure.web.servlet.WebDriverTestExecutionListener, org.springframework.boot.test.mock.mockito.MockitoTestExecutionListener, org.springframework.boot.test.mock.mockito.ResetMocksTestExecutionListener, org.springframework.test.context.web.ServletTestExecutionListener, org.springframework.test.context.support.DirtiesContextBeforeModesTestExecutionListener, org.springframework.test.context.support.DependencyInjectionTestExecutionListener, org.springframework.test.context.support.DirtiesContextTestExecutionListener, org.springframework.test.context.transaction.TransactionalTestExecutionListener, org.springframework.test.context.jdbc.SqlScriptsTestExecutionListener]
2020-03-10 22:51:40.928  INFO 5952 --- [    Test worker] .b.t.c.SpringBootTestContextBootstrapper : Using TestExecutionListeners: [org.springframework.test.context.web.ServletTestExecutionListener@1c88df6, org.springframework.test.context.support.DirtiesContextBeforeModesTestExecutionListener@f00bb21, org.springframework.boot.test.mock.mockito.MockitoTestExecutionListener@6c31d2d8, org.springframework.boot.test.autoconfigure.SpringBootDependencyInjectionTestExecutionListener@255fcd5a, org.springframework.test.context.support.DirtiesContextTestExecutionListener@603d533a, org.springframework.test.context.transaction.TransactionalTestExecutionListener@6a6e25af, org.springframework.test.context.jdbc.SqlScriptsTestExecutionListener@8ab9d28, org.springframework.security.test.context.support.WithSecurityContextTestExecutionListener@5345b47a, org.springframework.security.test.context.support.ReactorContextTestExecutionListener@59eb89ab, org.springframework.boot.test.autoconfigure.restdocs.RestDocsTestExecutionListener@42b38c64, org.springframework.boot.test.autoconfigure.web.client.MockRestServiceServerResetTestExecutionListener@16a50bc7, org.springframework.boot.test.autoconfigure.web.servlet.MockMvcPrintOnlyOnFailureTestExecutionListener@68bd9b0d, org.springframework.boot.test.autoconfigure.web.servlet.WebDriverTestExecutionListener@6d9ee160, org.springframework.boot.test.mock.mockito.ResetMocksTestExecutionListener@3310801b]

  .   ____          _            __ _ _
 /\\ / ___'_ __ _ _(_)_ __  __ _ \ \ \ \
( ( )\___ | '_ | '_| | '_ \/ _` | \ \ \ \
 \\/  ___)| |_)| | | | | || (_| |  ) ) ) )
  '  |____| .__|_| |_|_| |_\__, | / / / /
 =========|_|==============|___/=/_/_/_/
 :: Spring Boot ::        (v2.1.7.RELEASE)

2020-03-10 22:51:40.957  INFO 5952 --- [    Test worker] c.d.i.s.web.IndexControllerTest          : Starting IndexControllerTest on Devjun with PID 5952 (started by devju in C:\Users\devju\IdeaProjects\Devjun-springboot2-webservice)
2020-03-10 22:51:40.958  INFO 5952 --- [    Test worker] c.d.i.s.web.IndexControllerTest          : No active profile set, falling back to default profiles: default
2020-03-10 22:51:41.137  INFO 5952 --- [    Test worker] .s.d.r.c.RepositoryConfigurationDelegate : Bootstrapping Spring Data repositories in DEFAULT mode.
2020-03-10 22:51:41.157  INFO 5952 --- [    Test worker] .s.d.r.c.RepositoryConfigurationDelegate : Finished Spring Data repository scanning in 20ms. Found 2 repository interfaces.
2020-03-10 22:51:41.232  INFO 5952 --- [    Test worker] trationDelegate$BeanPostProcessorChecker : Bean 'org.springframework.transaction.annotation.ProxyTransactionManagementConfiguration' of type [org.springframework.transaction.annotation.ProxyTransactionManagementConfiguration$$EnhancerBySpringCGLIB$$373d8c02] is not eligible for getting processed by all BeanPostProcessors (for example: not eligible for auto-proxying)
2020-03-10 22:51:41.465  INFO 5952 --- [    Test worker] o.s.b.w.embedded.tomcat.TomcatWebServer  : Tomcat initialized with port(s): 0 (http)
2020-03-10 22:51:41.498  INFO 5952 --- [    Test worker] o.apache.catalina.core.StandardService   : Starting service [Tomcat]
2020-03-10 22:51:41.498  INFO 5952 --- [    Test worker] org.apache.catalina.core.StandardEngine  : Starting Servlet engine: [Apache Tomcat/9.0.22]
2020-03-10 22:51:41.629  INFO 5952 --- [    Test worker] o.a.c.c.C.[Tomcat].[localhost].[/]       : Initializing Spring embedded WebApplicationContext
2020-03-10 22:51:41.630  INFO 5952 --- [    Test worker] o.s.web.context.ContextLoader            : Root WebApplicationContext: initialization completed in 670 ms
2020-03-10 22:51:41.760  INFO 5952 --- [    Test worker] com.zaxxer.hikari.HikariDataSource       : HikariPool-2 - Starting...
2020-03-10 22:51:41.761  INFO 5952 --- [    Test worker] com.zaxxer.hikari.HikariDataSource       : HikariPool-2 - Start completed.
2020-03-10 22:51:41.789  INFO 5952 --- [    Test worker] o.hibernate.jpa.internal.util.LogHelper  : HHH000204: Processing PersistenceUnitInfo [
	name: default
	...]
2020-03-10 22:51:41.796  INFO 5952 --- [    Test worker] org.hibernate.dialect.Dialect            : HHH000400: Using dialect: org.hibernate.dialect.MySQL5InnoDBDialect
Hibernate: drop table if exists posts
Hibernate: drop table if exists user
Hibernate: create table posts (id bigint not null auto_increment, created_date datetime, modified_date datetime, author varchar(255), content TEXT not null, title varchar(500) not null, primary key (id)) engine=InnoDB
Hibernate: create table user (id bigint not null auto_increment, created_date datetime, modified_date datetime, email varchar(255) not null, name varchar(255) not null, picture varchar(255), role varchar(255) not null, primary key (id)) engine=InnoDB
2020-03-10 22:51:41.841  INFO 5952 --- [    Test worker] o.h.t.schema.internal.SchemaCreatorImpl  : HHH000476: Executing import script 'org.hibernate.tool.schema.internal.exec.ScriptSourceInputNonExistentImpl@18170afa'
2020-03-10 22:51:41.841  INFO 5952 --- [    Test worker] j.LocalContainerEntityManagerFactoryBean : Initialized JPA EntityManagerFactory for persistence unit 'default'
2020-03-10 22:51:42.112  INFO 5952 --- [    Test worker] o.h.h.i.QueryTranslatorFactoryInitiator  : HHH000397: Using ASTQueryTranslatorFactory
2020-03-10 22:51:42.233  INFO 5952 --- [    Test worker] o.s.s.web.DefaultSecurityFilterChain     : Creating filter chain: any request, [org.springframework.security.web.context.request.async.WebAsyncManagerIntegrationFilter@4c6ed501, org.springframework.security.web.context.SecurityContextPersistenceFilter@2795f818, org.springframework.security.web.header.HeaderWriterFilter@24bc0df5, org.springframework.security.web.authentication.logout.LogoutFilter@7cb5f9a1, org.springframework.security.oauth2.client.web.OAuth2AuthorizationRequestRedirectFilter@23b02437, org.springframework.security.oauth2.client.web.OAuth2LoginAuthenticationFilter@2ad30a56, org.springframework.security.web.authentication.ui.DefaultLoginPageGeneratingFilter@74e89a1c, org.springframework.security.web.authentication.ui.DefaultLogoutPageGeneratingFilter@4ae5ee47, org.springframework.security.web.savedrequest.RequestCacheAwareFilter@1b7ca46a, org.springframework.security.web.servletapi.SecurityContextHolderAwareRequestFilter@5f6bd155, org.springframework.security.web.authentication.AnonymousAuthenticationFilter@68d6eab0, org.springframework.security.web.session.SessionManagementFilter@5fee98dc, org.springframework.security.web.access.ExceptionTranslationFilter@73f9f59d, org.springframework.security.web.access.intercept.FilterSecurityInterceptor@36761f74]
2020-03-10 22:51:42.382  INFO 5952 --- [    Test worker] o.s.s.concurrent.ThreadPoolTaskExecutor  : Initializing ExecutorService 'applicationTaskExecutor'
2020-03-10 22:51:42.393  WARN 5952 --- [    Test worker] aWebConfiguration$JpaWebMvcConfiguration : spring.jpa.open-in-view is enabled by default. Therefore, database queries may be performed during view rendering. Explicitly configure spring.jpa.open-in-view to disable this warning
2020-03-10 22:51:42.420  INFO 5952 --- [    Test worker] o.s.b.a.w.s.WelcomePageHandlerMapping    : Adding welcome page template: index
2020-03-10 22:51:42.635  INFO 5952 --- [    Test worker] s.a.ScheduledAnnotationBeanPostProcessor : No TaskScheduler/ScheduledExecutorService bean found for scheduled processing
2020-03-10 22:51:42.652  INFO 5952 --- [    Test worker] o.s.b.w.embedded.tomcat.TomcatWebServer  : Tomcat started on port(s): 53783 (http) with context path ''
2020-03-10 22:51:42.653  INFO 5952 --- [    Test worker] c.d.i.s.web.IndexControllerTest          : Started IndexControllerTest in 1.723 seconds (JVM running for 10.248)
2020-03-10 22:51:42.733  INFO 5952 --- [o-auto-1-exec-1] o.a.c.c.C.[Tomcat].[localhost].[/]       : Initializing Spring DispatcherServlet 'dispatcherServlet'
2020-03-10 22:51:42.733  INFO 5952 --- [o-auto-1-exec-1] o.s.web.servlet.DispatcherServlet        : Initializing Servlet 'dispatcherServlet'
2020-03-10 22:51:42.752  INFO 5952 --- [o-auto-1-exec-1] o.s.web.servlet.DispatcherServlet        : Completed initialization in 19 ms
Hibernate: select posts0_.id as id1_0_, posts0_.created_date as created_2_0_, posts0_.modified_date as modified3_0_, posts0_.author as author4_0_, posts0_.content as content5_0_, posts0_.title as title6_0_ from posts posts0_ order by posts0_.id DESC
]]></system-out>
  <system-err><![CDATA[]]></system-err>
</testsuite>
