<?xml version="1.0" encoding="UTF-8"?>
<testsuite name="com.devjun.intellij.springboot.web.PostsApiControllerTest" tests="2" skipped="0" failures="0" errors="0" timestamp="2020-03-10T13:51:42" hostname="Devjun" time="0.097">
  <properties/>
  <testcase name="Posts_등록된다" classname="com.devjun.intellij.springboot.web.PostsApiControllerTest" time="0.067"/>
  <testcase name="Posts_수정된다" classname="com.devjun.intellij.springboot.web.PostsApiControllerTest" time="0.029"/>
  <system-out><![CDATA[2020-03-10 22:51:42.821  INFO 5952 --- [    Test worker] .b.t.c.SpringBootTestContextBootstrapper : Neither @ContextConfiguration nor @ContextHierarchy found for test class [com.devjun.intellij.springboot.web.PostsApiControllerTest], using SpringBootContextLoader
2020-03-10 22:51:42.821  INFO 5952 --- [    Test worker] o.s.t.c.support.AbstractContextLoader    : Could not detect default resource locations for test class [com.devjun.intellij.springboot.web.PostsApiControllerTest]: no resource found for suffixes {-context.xml, Context.groovy}.
2020-03-10 22:51:42.821  INFO 5952 --- [    Test worker] t.c.s.AnnotationConfigContextLoaderUtils : Could not detect default configuration classes for test class [com.devjun.intellij.springboot.web.PostsApiControllerTest]: PostsApiControllerTest does not declare any static, non-private, non-final, nested classes annotated with @Configuration.
2020-03-10 22:51:42.823  INFO 5952 --- [    Test worker] .b.t.c.SpringBootTestContextBootstrapper : Found @SpringBootConfiguration com.devjun.intellij.springboot.Application for test class com.devjun.intellij.springboot.web.PostsApiControllerTest
2020-03-10 22:51:42.823  INFO 5952 --- [    Test worker] .b.t.c.SpringBootTestContextBootstrapper : Loaded default TestExecutionListener class names from location [META-INF/spring.factories]: [org.springframework.security.test.context.support.WithSecurityContextTestExecutionListener, org.springframework.security.test.context.support.ReactorContextTestExecutionListener, org.springframework.boot.test.autoconfigure.restdocs.RestDocsTestExecutionListener, org.springframework.boot.test.autoconfigure.web.client.MockRestServiceServerResetTestExecutionListener, org.springframework.boot.test.autoconfigure.web.servlet.MockMvcPrintOnlyOnFailureTestExecutionListener, org.springframework.boot.test.autoconfigure.web.servlet.WebDriverTestExecutionListener, org.springframework.boot.test.mock.mockito.MockitoTestExecutionListener, org.springframework.boot.test.mock.mockito.ResetMocksTestExecutionListener, org.springframework.test.context.web.ServletTestExecutionListener, org.springframework.test.context.support.DirtiesContextBeforeModesTestExecutionListener, org.springframework.test.context.support.DependencyInjectionTestExecutionListener, org.springframework.test.context.support.DirtiesContextTestExecutionListener, org.springframework.test.context.transaction.TransactionalTestExecutionListener, org.springframework.test.context.jdbc.SqlScriptsTestExecutionListener]
2020-03-10 22:51:42.824  INFO 5952 --- [    Test worker] .b.t.c.SpringBootTestContextBootstrapper : Using TestExecutionListeners: [org.springframework.test.context.web.ServletTestExecutionListener@7545a96a, org.springframework.test.context.support.DirtiesContextBeforeModesTestExecutionListener@1d2866ed, org.springframework.boot.test.mock.mockito.MockitoTestExecutionListener@26f786db, org.springframework.boot.test.autoconfigure.SpringBootDependencyInjectionTestExecutionListener@1ed90caf, org.springframework.test.context.support.DirtiesContextTestExecutionListener@460ff8e7, org.springframework.test.context.transaction.TransactionalTestExecutionListener@18cef1c5, org.springframework.test.context.jdbc.SqlScriptsTestExecutionListener@2156d59, org.springframework.security.test.context.support.WithSecurityContextTestExecutionListener@547fa5c0, org.springframework.security.test.context.support.ReactorContextTestExecutionListener@6d0eb768, org.springframework.boot.test.autoconfigure.restdocs.RestDocsTestExecutionListener@22123d5, org.springframework.boot.test.autoconfigure.web.client.MockRestServiceServerResetTestExecutionListener@2bf7f96d, org.springframework.boot.test.autoconfigure.web.servlet.MockMvcPrintOnlyOnFailureTestExecutionListener@28f1876, org.springframework.boot.test.autoconfigure.web.servlet.WebDriverTestExecutionListener@1a224ab8, org.springframework.boot.test.mock.mockito.ResetMocksTestExecutionListener@1116eda2]
2020-03-10 22:51:42.832  INFO 5952 --- [    Test worker] o.a.c.c.C.[Tomcat].[localhost].[/]       : Initializing Spring TestDispatcherServlet ''
2020-03-10 22:51:42.832  INFO 5952 --- [    Test worker] o.s.t.web.servlet.TestDispatcherServlet  : Initializing Servlet ''
2020-03-10 22:51:42.835  INFO 5952 --- [    Test worker] o.s.t.web.servlet.TestDispatcherServlet  : Completed initialization in 3 ms
Hibernate: insert into posts (created_date, modified_date, author, content, title) values (?, ?, ?, ?, ?)
Hibernate: select posts0_.id as id1_0_, posts0_.created_date as created_2_0_, posts0_.modified_date as modified3_0_, posts0_.author as author4_0_, posts0_.content as content5_0_, posts0_.title as title6_0_ from posts posts0_
Hibernate: select posts0_.id as id1_0_, posts0_.created_date as created_2_0_, posts0_.modified_date as modified3_0_, posts0_.author as author4_0_, posts0_.content as content5_0_, posts0_.title as title6_0_ from posts posts0_
Hibernate: delete from posts where id=?
2020-03-10 22:51:42.896  INFO 5952 --- [    Test worker] o.a.c.c.C.[Tomcat].[localhost].[/]       : Initializing Spring TestDispatcherServlet ''
2020-03-10 22:51:42.896  INFO 5952 --- [    Test worker] o.s.t.web.servlet.TestDispatcherServlet  : Initializing Servlet ''
2020-03-10 22:51:42.898  INFO 5952 --- [    Test worker] o.s.t.web.servlet.TestDispatcherServlet  : Completed initialization in 2 ms
Hibernate: insert into posts (created_date, modified_date, author, content, title) values (?, ?, ?, ?, ?)
Hibernate: select posts0_.id as id1_0_0_, posts0_.created_date as created_2_0_0_, posts0_.modified_date as modified3_0_0_, posts0_.author as author4_0_0_, posts0_.content as content5_0_0_, posts0_.title as title6_0_0_ from posts posts0_ where posts0_.id=?
Hibernate: update posts set created_date=?, modified_date=?, author=?, content=?, title=? where id=?
Hibernate: select posts0_.id as id1_0_, posts0_.created_date as created_2_0_, posts0_.modified_date as modified3_0_, posts0_.author as author4_0_, posts0_.content as content5_0_, posts0_.title as title6_0_ from posts posts0_
Hibernate: select posts0_.id as id1_0_, posts0_.created_date as created_2_0_, posts0_.modified_date as modified3_0_, posts0_.author as author4_0_, posts0_.content as content5_0_, posts0_.title as title6_0_ from posts posts0_
Hibernate: delete from posts where id=?
]]></system-out>
  <system-err><![CDATA[]]></system-err>
</testsuite>
