<?xml version="1.0" encoding="UTF-8"?>
<testsuite name="com.devjun.intellij.springboot.web.HelloControllerTest" tests="2" skipped="0" failures="0" errors="0" timestamp="2020-03-02T15:55:38" hostname="Devjun" time="0.092">
  <properties/>
  <testcase name="return_HelloDto" classname="com.devjun.intellij.springboot.web.HelloControllerTest" time="0.087"/>
  <testcase name="return_Hello" classname="com.devjun.intellij.springboot.web.HelloControllerTest" time="0.005"/>
  <system-out><![CDATA[2020-03-03 00:55:38.060  INFO 7276 --- [    Test worker] .b.t.a.w.s.WebMvcTestContextBootstrapper : Neither @ContextConfiguration nor @ContextHierarchy found for test class [com.devjun.intellij.springboot.web.HelloControllerTest], using SpringBootContextLoader
2020-03-03 00:55:38.061  INFO 7276 --- [    Test worker] o.s.t.c.support.AbstractContextLoader    : Could not detect default resource locations for test class [com.devjun.intellij.springboot.web.HelloControllerTest]: no resource found for suffixes {-context.xml, Context.groovy}.
2020-03-03 00:55:38.061  INFO 7276 --- [    Test worker] t.c.s.AnnotationConfigContextLoaderUtils : Could not detect default configuration classes for test class [com.devjun.intellij.springboot.web.HelloControllerTest]: HelloControllerTest does not declare any static, non-private, non-final, nested classes annotated with @Configuration.
2020-03-03 00:55:38.079  INFO 7276 --- [    Test worker] .b.t.c.SpringBootTestContextBootstrapper : Found @SpringBootConfiguration com.devjun.intellij.springboot.Application for test class com.devjun.intellij.springboot.web.HelloControllerTest
2020-03-03 00:55:38.079  INFO 7276 --- [    Test worker] .b.t.a.w.s.WebMvcTestContextBootstrapper : Loaded default TestExecutionListener class names from location [META-INF/spring.factories]: [org.springframework.security.test.context.support.WithSecurityContextTestExecutionListener, org.springframework.security.test.context.support.ReactorContextTestExecutionListener, org.springframework.boot.test.autoconfigure.restdocs.RestDocsTestExecutionListener, org.springframework.boot.test.autoconfigure.web.client.MockRestServiceServerResetTestExecutionListener, org.springframework.boot.test.autoconfigure.web.servlet.MockMvcPrintOnlyOnFailureTestExecutionListener, org.springframework.boot.test.autoconfigure.web.servlet.WebDriverTestExecutionListener, org.springframework.boot.test.mock.mockito.MockitoTestExecutionListener, org.springframework.boot.test.mock.mockito.ResetMocksTestExecutionListener, org.springframework.test.context.web.ServletTestExecutionListener, org.springframework.test.context.support.DirtiesContextBeforeModesTestExecutionListener, org.springframework.test.context.support.DependencyInjectionTestExecutionListener, org.springframework.test.context.support.DirtiesContextTestExecutionListener, org.springframework.test.context.transaction.TransactionalTestExecutionListener, org.springframework.test.context.jdbc.SqlScriptsTestExecutionListener]
2020-03-03 00:55:38.080  INFO 7276 --- [    Test worker] .b.t.a.w.s.WebMvcTestContextBootstrapper : Using TestExecutionListeners: [org.springframework.test.context.web.ServletTestExecutionListener@4a9ebae5, org.springframework.test.context.support.DirtiesContextBeforeModesTestExecutionListener@10536824, org.springframework.boot.test.mock.mockito.MockitoTestExecutionListener@1d95b21a, org.springframework.boot.test.autoconfigure.SpringBootDependencyInjectionTestExecutionListener@3bd76b6a, org.springframework.test.context.support.DirtiesContextTestExecutionListener@4a1a767, org.springframework.test.context.transaction.TransactionalTestExecutionListener@f38ed9f, org.springframework.test.context.jdbc.SqlScriptsTestExecutionListener@3f8d8b00, org.springframework.security.test.context.support.WithSecurityContextTestExecutionListener@3f012ba0, org.springframework.security.test.context.support.ReactorContextTestExecutionListener@361239b8, org.springframework.boot.test.autoconfigure.restdocs.RestDocsTestExecutionListener@7e8e7ef0, org.springframework.boot.test.autoconfigure.web.client.MockRestServiceServerResetTestExecutionListener@2d883faa, org.springframework.boot.test.autoconfigure.web.servlet.MockMvcPrintOnlyOnFailureTestExecutionListener@1b624d90, org.springframework.boot.test.autoconfigure.web.servlet.WebDriverTestExecutionListener@3c1a78bd, org.springframework.boot.test.mock.mockito.ResetMocksTestExecutionListener@31eef830]

  .   ____          _            __ _ _
 /\\ / ___'_ __ _ _(_)_ __  __ _ \ \ \ \
( ( )\___ | '_ | '_| | '_ \/ _` | \ \ \ \
 \\/  ___)| |_)| | | | | || (_| |  ) ) ) )
  '  |____| .__|_| |_|_| |_\__, | / / / /
 =========|_|==============|___/=/_/_/_/
 :: Spring Boot ::        (v2.1.7.RELEASE)

2020-03-03 00:55:38.102  INFO 7276 --- [    Test worker] c.d.i.s.web.HelloControllerTest          : Starting HelloControllerTest on Devjun with PID 7276 (started by devju in C:\Users\devju\IdeaProjects\Devjun-springboot2-webservice)
2020-03-03 00:55:38.103  INFO 7276 --- [    Test worker] c.d.i.s.web.HelloControllerTest          : No active profile set, falling back to default profiles: default
2020-03-03 00:55:38.408  INFO 7276 --- [    Test worker] o.s.s.concurrent.ThreadPoolTaskExecutor  : Initializing ExecutorService 'applicationTaskExecutor'
2020-03-03 00:55:38.430  INFO 7276 --- [    Test worker] o.s.b.a.w.s.WelcomePageHandlerMapping    : Adding welcome page template: index
2020-03-03 00:55:38.589  INFO 7276 --- [    Test worker] .s.s.UserDetailsServiceAutoConfiguration : 

Using generated security password: d620917c-a4a6-4b4c-9f1e-6476f2f5a9bd

2020-03-03 00:55:38.687  INFO 7276 --- [    Test worker] o.s.s.web.DefaultSecurityFilterChain     : Creating filter chain: any request, [org.springframework.security.web.context.request.async.WebAsyncManagerIntegrationFilter@7bca7d0b, org.springframework.security.web.context.SecurityContextPersistenceFilter@65b1e8c5, org.springframework.security.web.header.HeaderWriterFilter@aa25de8, org.springframework.security.web.csrf.CsrfFilter@3cfa49de, org.springframework.security.web.authentication.logout.LogoutFilter@7e7d4d6a, org.springframework.security.web.authentication.UsernamePasswordAuthenticationFilter@3407bf67, org.springframework.security.web.authentication.ui.DefaultLoginPageGeneratingFilter@2698c951, org.springframework.security.web.authentication.ui.DefaultLogoutPageGeneratingFilter@3233535a, org.springframework.security.web.authentication.www.BasicAuthenticationFilter@2a883636, org.springframework.security.web.savedrequest.RequestCacheAwareFilter@181de5fc, org.springframework.security.web.servletapi.SecurityContextHolderAwareRequestFilter@c8b60a, org.springframework.security.web.authentication.AnonymousAuthenticationFilter@59e1eaac, org.springframework.security.web.session.SessionManagementFilter@64f841db, org.springframework.security.web.access.ExceptionTranslationFilter@449738cf, org.springframework.security.web.access.intercept.FilterSecurityInterceptor@54251e2f]
2020-03-03 00:55:38.702  INFO 7276 --- [    Test worker] o.s.b.t.m.w.SpringBootMockServletContext : Initializing Spring TestDispatcherServlet ''
2020-03-03 00:55:38.702  INFO 7276 --- [    Test worker] o.s.t.web.servlet.TestDispatcherServlet  : Initializing Servlet ''
2020-03-03 00:55:38.710  INFO 7276 --- [    Test worker] o.s.t.web.servlet.TestDispatcherServlet  : Completed initialization in 8 ms
2020-03-03 00:55:38.730  INFO 7276 --- [    Test worker] c.d.i.s.web.HelloControllerTest          : Started HelloControllerTest in 0.648 seconds (JVM running for 8.236)
]]></system-out>
  <system-err><![CDATA[]]></system-err>
</testsuite>
