<?xml version="1.0" encoding="UTF-8"?>
<testsuite name="com.devjun.intellij.springboot.web.IndexControllerTest" tests="1" skipped="0" failures="0" errors="0" timestamp="2020-02-13T14:58:20" hostname="Devjun" time="0.232">
  <properties/>
  <testcase name="메인페이지_로딩" classname="com.devjun.intellij.springboot.web.IndexControllerTest" time="0.232"/>
  <system-out><![CDATA[23:58:15.668 [Test worker] DEBUG org.springframework.test.context.junit4.SpringJUnit4ClassRunner - SpringJUnit4ClassRunner constructor called with [class com.devjun.intellij.springboot.web.IndexControllerTest]
23:58:15.675 [Test worker] DEBUG org.springframework.test.context.BootstrapUtils - Instantiating CacheAwareContextLoaderDelegate from class [org.springframework.test.context.cache.DefaultCacheAwareContextLoaderDelegate]
23:58:15.683 [Test worker] DEBUG org.springframework.test.context.BootstrapUtils - Instantiating BootstrapContext using constructor [public org.springframework.test.context.support.DefaultBootstrapContext(java.lang.Class,org.springframework.test.context.CacheAwareContextLoaderDelegate)]
23:58:15.699 [Test worker] DEBUG org.springframework.test.context.BootstrapUtils - Instantiating TestContextBootstrapper for test class [com.devjun.intellij.springboot.web.IndexControllerTest] from class [org.springframework.boot.test.context.SpringBootTestContextBootstrapper]
23:58:15.710 [Test worker] INFO org.springframework.boot.test.context.SpringBootTestContextBootstrapper - Neither @ContextConfiguration nor @ContextHierarchy found for test class [com.devjun.intellij.springboot.web.IndexControllerTest], using SpringBootContextLoader
23:58:15.713 [Test worker] DEBUG org.springframework.test.context.support.AbstractContextLoader - Did not detect default resource location for test class [com.devjun.intellij.springboot.web.IndexControllerTest]: class path resource [com/devjun/intellij/springboot/web/IndexControllerTest-context.xml] does not exist
23:58:15.713 [Test worker] DEBUG org.springframework.test.context.support.AbstractContextLoader - Did not detect default resource location for test class [com.devjun.intellij.springboot.web.IndexControllerTest]: class path resource [com/devjun/intellij/springboot/web/IndexControllerTestContext.groovy] does not exist
23:58:15.713 [Test worker] INFO org.springframework.test.context.support.AbstractContextLoader - Could not detect default resource locations for test class [com.devjun.intellij.springboot.web.IndexControllerTest]: no resource found for suffixes {-context.xml, Context.groovy}.
23:58:15.714 [Test worker] INFO org.springframework.test.context.support.AnnotationConfigContextLoaderUtils - Could not detect default configuration classes for test class [com.devjun.intellij.springboot.web.IndexControllerTest]: IndexControllerTest does not declare any static, non-private, non-final, nested classes annotated with @Configuration.
23:58:15.748 [Test worker] DEBUG org.springframework.test.context.support.ActiveProfilesUtils - Could not find an 'annotation declaring class' for annotation type [org.springframework.test.context.ActiveProfiles] and class [com.devjun.intellij.springboot.web.IndexControllerTest]
23:58:15.837 [Test worker] DEBUG org.springframework.context.annotation.ClassPathScanningCandidateComponentProvider - Identified candidate component class: file [C:\Users\devju\IdeaProjects\Devjun-springboot2-webservice\build\classes\java\main\com\devjun\intellij\springboot\Application.class]
23:58:15.838 [Test worker] INFO org.springframework.boot.test.context.SpringBootTestContextBootstrapper - Found @SpringBootConfiguration com.devjun.intellij.springboot.Application for test class com.devjun.intellij.springboot.web.IndexControllerTest
23:58:15.923 [Test worker] DEBUG org.springframework.boot.test.context.SpringBootTestContextBootstrapper - @TestExecutionListeners is not present for class [com.devjun.intellij.springboot.web.IndexControllerTest]: using defaults.
23:58:15.924 [Test worker] INFO org.springframework.boot.test.context.SpringBootTestContextBootstrapper - Loaded default TestExecutionListener class names from location [META-INF/spring.factories]: [org.springframework.boot.test.autoconfigure.restdocs.RestDocsTestExecutionListener, org.springframework.boot.test.autoconfigure.web.client.MockRestServiceServerResetTestExecutionListener, org.springframework.boot.test.autoconfigure.web.servlet.MockMvcPrintOnlyOnFailureTestExecutionListener, org.springframework.boot.test.autoconfigure.web.servlet.WebDriverTestExecutionListener, org.springframework.boot.test.mock.mockito.MockitoTestExecutionListener, org.springframework.boot.test.mock.mockito.ResetMocksTestExecutionListener, org.springframework.test.context.web.ServletTestExecutionListener, org.springframework.test.context.support.DirtiesContextBeforeModesTestExecutionListener, org.springframework.test.context.support.DependencyInjectionTestExecutionListener, org.springframework.test.context.support.DirtiesContextTestExecutionListener, org.springframework.test.context.transaction.TransactionalTestExecutionListener, org.springframework.test.context.jdbc.SqlScriptsTestExecutionListener]
23:58:15.941 [Test worker] INFO org.springframework.boot.test.context.SpringBootTestContextBootstrapper - Using TestExecutionListeners: [org.springframework.test.context.web.ServletTestExecutionListener@7a197e90, org.springframework.test.context.support.DirtiesContextBeforeModesTestExecutionListener@f899ea1, org.springframework.boot.test.mock.mockito.MockitoTestExecutionListener@46d7a883, org.springframework.boot.test.autoconfigure.SpringBootDependencyInjectionTestExecutionListener@c75f8f4, org.springframework.test.context.support.DirtiesContextTestExecutionListener@3d29fa14, org.springframework.test.context.transaction.TransactionalTestExecutionListener@7e161786, org.springframework.test.context.jdbc.SqlScriptsTestExecutionListener@57e3b77, org.springframework.boot.test.autoconfigure.restdocs.RestDocsTestExecutionListener@26efc174, org.springframework.boot.test.autoconfigure.web.client.MockRestServiceServerResetTestExecutionListener@546476e7, org.springframework.boot.test.autoconfigure.web.servlet.MockMvcPrintOnlyOnFailureTestExecutionListener@1a00e1ca, org.springframework.boot.test.autoconfigure.web.servlet.WebDriverTestExecutionListener@6ed1c47e, org.springframework.boot.test.mock.mockito.ResetMocksTestExecutionListener@36ed4cb1]
23:58:15.943 [Test worker] DEBUG org.springframework.test.annotation.ProfileValueUtils - Retrieved @ProfileValueSourceConfiguration [null] for test class [com.devjun.intellij.springboot.web.IndexControllerTest]
23:58:15.944 [Test worker] DEBUG org.springframework.test.annotation.ProfileValueUtils - Retrieved ProfileValueSource type [class org.springframework.test.annotation.SystemProfileValueSource] for class [com.devjun.intellij.springboot.web.IndexControllerTest]
23:58:15.945 [Test worker] DEBUG org.springframework.test.annotation.ProfileValueUtils - Retrieved @ProfileValueSourceConfiguration [null] for test class [com.devjun.intellij.springboot.web.IndexControllerTest]
23:58:15.946 [Test worker] DEBUG org.springframework.test.annotation.ProfileValueUtils - Retrieved ProfileValueSource type [class org.springframework.test.annotation.SystemProfileValueSource] for class [com.devjun.intellij.springboot.web.IndexControllerTest]
23:58:15.946 [Test worker] DEBUG org.springframework.test.annotation.ProfileValueUtils - Retrieved @ProfileValueSourceConfiguration [null] for test class [com.devjun.intellij.springboot.web.IndexControllerTest]
23:58:15.946 [Test worker] DEBUG org.springframework.test.annotation.ProfileValueUtils - Retrieved ProfileValueSource type [class org.springframework.test.annotation.SystemProfileValueSource] for class [com.devjun.intellij.springboot.web.IndexControllerTest]
23:58:15.950 [Test worker] DEBUG org.springframework.test.context.support.AbstractDirtiesContextTestExecutionListener - Before test class: context [DefaultTestContext@51448751 testClass = IndexControllerTest, testInstance = [null], testMethod = [null], testException = [null], mergedContextConfiguration = [WebMergedContextConfiguration@fbb03a5 testClass = IndexControllerTest, locations = '{}', classes = '{class com.devjun.intellij.springboot.Application}', contextInitializerClasses = '[]', activeProfiles = '{}', propertySourceLocations = '{}', propertySourceProperties = '{org.springframework.boot.test.context.SpringBootTestContextBootstrapper=true, server.port=0}', contextCustomizers = set[org.springframework.boot.test.autoconfigure.properties.PropertyMappingContextCustomizer@0, org.springframework.boot.test.autoconfigure.web.servlet.WebDriverContextCustomizerFactory$Customizer@6c59620f, org.springframework.boot.test.context.filter.ExcludeFilterContextCustomizer@7e36e17e, org.springframework.boot.test.json.DuplicateJsonObjectContextCustomizerFactory$DuplicateJsonObjectContextCustomizer@11bdf274, org.springframework.boot.test.mock.mockito.MockitoContextCustomizer@0, org.springframework.boot.test.web.client.TestRestTemplateContextCustomizer@5282df4b], resourceBasePath = 'src/main/webapp', contextLoader = 'org.springframework.boot.test.context.SpringBootContextLoader', parent = [null]], attributes = map['org.springframework.test.context.web.ServletTestExecutionListener.activateListener' -> false]], class annotated with @DirtiesContext [false] with mode [null].
23:58:15.950 [Test worker] DEBUG org.springframework.test.annotation.ProfileValueUtils - Retrieved @ProfileValueSourceConfiguration [null] for test class [com.devjun.intellij.springboot.web.IndexControllerTest]
23:58:15.950 [Test worker] DEBUG org.springframework.test.annotation.ProfileValueUtils - Retrieved ProfileValueSource type [class org.springframework.test.annotation.SystemProfileValueSource] for class [com.devjun.intellij.springboot.web.IndexControllerTest]
23:58:15.954 [Test worker] DEBUG org.springframework.test.context.support.DependencyInjectionTestExecutionListener - Performing dependency injection for test context [[DefaultTestContext@51448751 testClass = IndexControllerTest, testInstance = com.devjun.intellij.springboot.web.IndexControllerTest@41dc2f2a, testMethod = [null], testException = [null], mergedContextConfiguration = [WebMergedContextConfiguration@fbb03a5 testClass = IndexControllerTest, locations = '{}', classes = '{class com.devjun.intellij.springboot.Application}', contextInitializerClasses = '[]', activeProfiles = '{}', propertySourceLocations = '{}', propertySourceProperties = '{org.springframework.boot.test.context.SpringBootTestContextBootstrapper=true, server.port=0}', contextCustomizers = set[org.springframework.boot.test.autoconfigure.properties.PropertyMappingContextCustomizer@0, org.springframework.boot.test.autoconfigure.web.servlet.WebDriverContextCustomizerFactory$Customizer@6c59620f, org.springframework.boot.test.context.filter.ExcludeFilterContextCustomizer@7e36e17e, org.springframework.boot.test.json.DuplicateJsonObjectContextCustomizerFactory$DuplicateJsonObjectContextCustomizer@11bdf274, org.springframework.boot.test.mock.mockito.MockitoContextCustomizer@0, org.springframework.boot.test.web.client.TestRestTemplateContextCustomizer@5282df4b], resourceBasePath = 'src/main/webapp', contextLoader = 'org.springframework.boot.test.context.SpringBootContextLoader', parent = [null]], attributes = map['org.springframework.test.context.web.ServletTestExecutionListener.activateListener' -> false]]].
23:58:15.976 [Test worker] DEBUG org.springframework.test.context.support.TestPropertySourceUtils - Adding inlined properties to environment: {spring.jmx.enabled=false, org.springframework.boot.test.context.SpringBootTestContextBootstrapper=true, server.port=0}

  .   ____          _            __ _ _
 /\\ / ___'_ __ _ _(_)_ __  __ _ \ \ \ \
( ( )\___ | '_ | '_| | '_ \/ _` | \ \ \ \
 \\/  ___)| |_)| | | | | || (_| |  ) ) ) )
  '  |____| .__|_| |_|_| |_\__, | / / / /
 =========|_|==============|___/=/_/_/_/
 :: Spring Boot ::        (v2.1.7.RELEASE)

2020-02-13 23:58:16.168  INFO 8552 --- [    Test worker] c.d.i.s.web.IndexControllerTest          : Starting IndexControllerTest on Devjun with PID 8552 (started by devju in C:\Users\devju\IdeaProjects\Devjun-springboot2-webservice)
2020-02-13 23:58:16.169  INFO 8552 --- [    Test worker] c.d.i.s.web.IndexControllerTest          : No active profile set, falling back to default profiles: default
2020-02-13 23:58:16.699  INFO 8552 --- [    Test worker] .s.d.r.c.RepositoryConfigurationDelegate : Bootstrapping Spring Data repositories in DEFAULT mode.
2020-02-13 23:58:16.759  INFO 8552 --- [    Test worker] .s.d.r.c.RepositoryConfigurationDelegate : Finished Spring Data repository scanning in 53ms. Found 1 repository interfaces.
2020-02-13 23:58:17.095  INFO 8552 --- [    Test worker] trationDelegate$BeanPostProcessorChecker : Bean 'org.springframework.transaction.annotation.ProxyTransactionManagementConfiguration' of type [org.springframework.transaction.annotation.ProxyTransactionManagementConfiguration$$EnhancerBySpringCGLIB$$a10bcea4] is not eligible for getting processed by all BeanPostProcessors (for example: not eligible for auto-proxying)
2020-02-13 23:58:17.460  INFO 8552 --- [    Test worker] o.s.b.w.embedded.tomcat.TomcatWebServer  : Tomcat initialized with port(s): 0 (http)
2020-02-13 23:58:17.487  INFO 8552 --- [    Test worker] o.apache.catalina.core.StandardService   : Starting service [Tomcat]
2020-02-13 23:58:17.487  INFO 8552 --- [    Test worker] org.apache.catalina.core.StandardEngine  : Starting Servlet engine: [Apache Tomcat/9.0.22]
2020-02-13 23:58:17.603  INFO 8552 --- [    Test worker] o.a.c.c.C.[Tomcat].[localhost].[/]       : Initializing Spring embedded WebApplicationContext
2020-02-13 23:58:17.603  INFO 8552 --- [    Test worker] o.s.web.context.ContextLoader            : Root WebApplicationContext: initialization completed in 1417 ms
2020-02-13 23:58:17.814  INFO 8552 --- [    Test worker] com.zaxxer.hikari.HikariDataSource       : HikariPool-1 - Starting...
2020-02-13 23:58:17.958  INFO 8552 --- [    Test worker] com.zaxxer.hikari.HikariDataSource       : HikariPool-1 - Start completed.
2020-02-13 23:58:18.034  INFO 8552 --- [    Test worker] o.hibernate.jpa.internal.util.LogHelper  : HHH000204: Processing PersistenceUnitInfo [
	name: default
	...]
2020-02-13 23:58:18.103  INFO 8552 --- [    Test worker] org.hibernate.Version                    : HHH000412: Hibernate Core {5.3.10.Final}
2020-02-13 23:58:18.105  INFO 8552 --- [    Test worker] org.hibernate.cfg.Environment            : HHH000206: hibernate.properties not found
2020-02-13 23:58:18.263  INFO 8552 --- [    Test worker] o.hibernate.annotations.common.Version   : HCANN000001: Hibernate Commons Annotations {5.0.4.Final}
2020-02-13 23:58:18.417  INFO 8552 --- [    Test worker] org.hibernate.dialect.Dialect            : HHH000400: Using dialect: org.hibernate.dialect.MySQL5InnoDBDialect
Hibernate: drop table if exists posts
Hibernate: create table posts (id bigint not null auto_increment, created_date datetime, modified_date datetime, author varchar(255), content TEXT not null, title varchar(500) not null, primary key (id)) engine=InnoDB
2020-02-13 23:58:19.020  INFO 8552 --- [    Test worker] o.h.t.schema.internal.SchemaCreatorImpl  : HHH000476: Executing import script 'org.hibernate.tool.schema.internal.exec.ScriptSourceInputNonExistentImpl@7e4d0137'
2020-02-13 23:58:19.023  INFO 8552 --- [    Test worker] j.LocalContainerEntityManagerFactoryBean : Initialized JPA EntityManagerFactory for persistence unit 'default'
2020-02-13 23:58:19.755  INFO 8552 --- [    Test worker] o.s.s.concurrent.ThreadPoolTaskExecutor  : Initializing ExecutorService 'applicationTaskExecutor'
2020-02-13 23:58:19.803  WARN 8552 --- [    Test worker] aWebConfiguration$JpaWebMvcConfiguration : spring.jpa.open-in-view is enabled by default. Therefore, database queries may be performed during view rendering. Explicitly configure spring.jpa.open-in-view to disable this warning
2020-02-13 23:58:19.842  INFO 8552 --- [    Test worker] o.s.b.a.w.s.WelcomePageHandlerMapping    : Adding welcome page template: index
2020-02-13 23:58:20.103  INFO 8552 --- [    Test worker] o.s.b.w.embedded.tomcat.TomcatWebServer  : Tomcat started on port(s): 52447 (http) with context path ''
2020-02-13 23:58:20.105  INFO 8552 --- [    Test worker] c.d.i.s.web.IndexControllerTest          : Started IndexControllerTest in 4.128 seconds (JVM running for 4.974)
2020-02-13 23:58:20.227  INFO 8552 --- [o-auto-1-exec-2] o.a.c.c.C.[Tomcat].[localhost].[/]       : Initializing Spring DispatcherServlet 'dispatcherServlet'
2020-02-13 23:58:20.227  INFO 8552 --- [o-auto-1-exec-2] o.s.web.servlet.DispatcherServlet        : Initializing Servlet 'dispatcherServlet'
2020-02-13 23:58:20.248  INFO 8552 --- [o-auto-1-exec-2] o.s.web.servlet.DispatcherServlet        : Completed initialization in 21 ms
]]></system-out>
  <system-err><![CDATA[]]></system-err>
</testsuite>
