<?xml version="1.0" encoding="UTF-8"?>
<testsuite name="com.devjun.intellij.springboot.domain.posts.PostsRepositoryTest" tests="2" skipped="0" failures="0" errors="0" timestamp="2020-03-10T13:51:39" hostname="Devjun" time="0.32">
  <properties/>
  <testcase name="게시글저장_불러오기" classname="com.devjun.intellij.springboot.domain.posts.PostsRepositoryTest" time="0.311"/>
  <testcase name="BaseTimeEntity_등록" classname="com.devjun.intellij.springboot.domain.posts.PostsRepositoryTest" time="0.008"/>
  <system-out><![CDATA[22:51:33.042 [Test worker] DEBUG org.springframework.test.context.junit4.SpringJUnit4ClassRunner - SpringJUnit4ClassRunner constructor called with [class com.devjun.intellij.springboot.domain.posts.PostsRepositoryTest]
22:51:33.051 [Test worker] DEBUG org.springframework.test.context.BootstrapUtils - Instantiating CacheAwareContextLoaderDelegate from class [org.springframework.test.context.cache.DefaultCacheAwareContextLoaderDelegate]
22:51:33.062 [Test worker] DEBUG org.springframework.test.context.BootstrapUtils - Instantiating BootstrapContext using constructor [public org.springframework.test.context.support.DefaultBootstrapContext(java.lang.Class,org.springframework.test.context.CacheAwareContextLoaderDelegate)]
22:51:33.082 [Test worker] DEBUG org.springframework.test.context.BootstrapUtils - Instantiating TestContextBootstrapper for test class [com.devjun.intellij.springboot.domain.posts.PostsRepositoryTest] from class [org.springframework.boot.test.context.SpringBootTestContextBootstrapper]
22:51:33.105 [Test worker] INFO org.springframework.boot.test.context.SpringBootTestContextBootstrapper - Neither @ContextConfiguration nor @ContextHierarchy found for test class [com.devjun.intellij.springboot.domain.posts.PostsRepositoryTest], using SpringBootContextLoader
22:51:33.110 [Test worker] DEBUG org.springframework.test.context.support.AbstractContextLoader - Did not detect default resource location for test class [com.devjun.intellij.springboot.domain.posts.PostsRepositoryTest]: class path resource [com/devjun/intellij/springboot/domain/posts/PostsRepositoryTest-context.xml] does not exist
22:51:33.111 [Test worker] DEBUG org.springframework.test.context.support.AbstractContextLoader - Did not detect default resource location for test class [com.devjun.intellij.springboot.domain.posts.PostsRepositoryTest]: class path resource [com/devjun/intellij/springboot/domain/posts/PostsRepositoryTestContext.groovy] does not exist
22:51:33.111 [Test worker] INFO org.springframework.test.context.support.AbstractContextLoader - Could not detect default resource locations for test class [com.devjun.intellij.springboot.domain.posts.PostsRepositoryTest]: no resource found for suffixes {-context.xml, Context.groovy}.
22:51:33.112 [Test worker] INFO org.springframework.test.context.support.AnnotationConfigContextLoaderUtils - Could not detect default configuration classes for test class [com.devjun.intellij.springboot.domain.posts.PostsRepositoryTest]: PostsRepositoryTest does not declare any static, non-private, non-final, nested classes annotated with @Configuration.
22:51:33.173 [Test worker] DEBUG org.springframework.test.context.support.ActiveProfilesUtils - Could not find an 'annotation declaring class' for annotation type [org.springframework.test.context.ActiveProfiles] and class [com.devjun.intellij.springboot.domain.posts.PostsRepositoryTest]
22:51:33.264 [Test worker] DEBUG org.springframework.context.annotation.ClassPathScanningCandidateComponentProvider - Identified candidate component class: file [C:\Users\devju\IdeaProjects\Devjun-springboot2-webservice\build\classes\java\main\com\devjun\intellij\springboot\Application.class]
22:51:33.265 [Test worker] INFO org.springframework.boot.test.context.SpringBootTestContextBootstrapper - Found @SpringBootConfiguration com.devjun.intellij.springboot.Application for test class com.devjun.intellij.springboot.domain.posts.PostsRepositoryTest
22:51:33.383 [Test worker] DEBUG org.springframework.boot.test.context.SpringBootTestContextBootstrapper - @TestExecutionListeners is not present for class [com.devjun.intellij.springboot.domain.posts.PostsRepositoryTest]: using defaults.
22:51:33.384 [Test worker] INFO org.springframework.boot.test.context.SpringBootTestContextBootstrapper - Loaded default TestExecutionListener class names from location [META-INF/spring.factories]: [org.springframework.security.test.context.support.WithSecurityContextTestExecutionListener, org.springframework.security.test.context.support.ReactorContextTestExecutionListener, org.springframework.boot.test.autoconfigure.restdocs.RestDocsTestExecutionListener, org.springframework.boot.test.autoconfigure.web.client.MockRestServiceServerResetTestExecutionListener, org.springframework.boot.test.autoconfigure.web.servlet.MockMvcPrintOnlyOnFailureTestExecutionListener, org.springframework.boot.test.autoconfigure.web.servlet.WebDriverTestExecutionListener, org.springframework.boot.test.mock.mockito.MockitoTestExecutionListener, org.springframework.boot.test.mock.mockito.ResetMocksTestExecutionListener, org.springframework.test.context.web.ServletTestExecutionListener, org.springframework.test.context.support.DirtiesContextBeforeModesTestExecutionListener, org.springframework.test.context.support.DependencyInjectionTestExecutionListener, org.springframework.test.context.support.DirtiesContextTestExecutionListener, org.springframework.test.context.transaction.TransactionalTestExecutionListener, org.springframework.test.context.jdbc.SqlScriptsTestExecutionListener]
22:51:33.428 [Test worker] INFO org.springframework.boot.test.context.SpringBootTestContextBootstrapper - Using TestExecutionListeners: [org.springframework.test.context.web.ServletTestExecutionListener@124f2dc0, org.springframework.test.context.support.DirtiesContextBeforeModesTestExecutionListener@62f4d42b, org.springframework.boot.test.mock.mockito.MockitoTestExecutionListener@4cfc5394, org.springframework.boot.test.autoconfigure.SpringBootDependencyInjectionTestExecutionListener@654d634e, org.springframework.test.context.support.DirtiesContextTestExecutionListener@e07730a, org.springframework.test.context.transaction.TransactionalTestExecutionListener@4a96bb6d, org.springframework.test.context.jdbc.SqlScriptsTestExecutionListener@64d82158, org.springframework.security.test.context.support.WithSecurityContextTestExecutionListener@6a01699e, org.springframework.security.test.context.support.ReactorContextTestExecutionListener@5f2bc8f7, org.springframework.boot.test.autoconfigure.restdocs.RestDocsTestExecutionListener@20995dac, org.springframework.boot.test.autoconfigure.web.client.MockRestServiceServerResetTestExecutionListener@5ee7a06, org.springframework.boot.test.autoconfigure.web.servlet.MockMvcPrintOnlyOnFailureTestExecutionListener@6442aebc, org.springframework.boot.test.autoconfigure.web.servlet.WebDriverTestExecutionListener@652faeb3, org.springframework.boot.test.mock.mockito.ResetMocksTestExecutionListener@f31fb87]
22:51:33.432 [Test worker] DEBUG org.springframework.test.annotation.ProfileValueUtils - Retrieved @ProfileValueSourceConfiguration [null] for test class [com.devjun.intellij.springboot.domain.posts.PostsRepositoryTest]
22:51:33.433 [Test worker] DEBUG org.springframework.test.annotation.ProfileValueUtils - Retrieved ProfileValueSource type [class org.springframework.test.annotation.SystemProfileValueSource] for class [com.devjun.intellij.springboot.domain.posts.PostsRepositoryTest]
22:51:33.434 [Test worker] DEBUG org.springframework.test.annotation.ProfileValueUtils - Retrieved @ProfileValueSourceConfiguration [null] for test class [com.devjun.intellij.springboot.domain.posts.PostsRepositoryTest]
22:51:33.434 [Test worker] DEBUG org.springframework.test.annotation.ProfileValueUtils - Retrieved ProfileValueSource type [class org.springframework.test.annotation.SystemProfileValueSource] for class [com.devjun.intellij.springboot.domain.posts.PostsRepositoryTest]
22:51:33.438 [Test worker] DEBUG org.springframework.test.context.support.AbstractDirtiesContextTestExecutionListener - Before test class: context [DefaultTestContext@2e414595 testClass = PostsRepositoryTest, testInstance = [null], testMethod = [null], testException = [null], mergedContextConfiguration = [WebMergedContextConfiguration@1a252fa8 testClass = PostsRepositoryTest, locations = '{}', classes = '{class com.devjun.intellij.springboot.Application}', contextInitializerClasses = '[]', activeProfiles = '{}', propertySourceLocations = '{}', propertySourceProperties = '{org.springframework.boot.test.context.SpringBootTestContextBootstrapper=true}', contextCustomizers = set[org.springframework.boot.test.autoconfigure.properties.PropertyMappingContextCustomizer@0, org.springframework.boot.test.autoconfigure.web.servlet.WebDriverContextCustomizerFactory$Customizer@72b56ce0, org.springframework.boot.test.context.filter.ExcludeFilterContextCustomizer@31a336c4, org.springframework.boot.test.json.DuplicateJsonObjectContextCustomizerFactory$DuplicateJsonObjectContextCustomizer@5e7f3dee, org.springframework.boot.test.mock.mockito.MockitoContextCustomizer@0, org.springframework.boot.test.web.client.TestRestTemplateContextCustomizer@1c826648], resourceBasePath = 'src/main/webapp', contextLoader = 'org.springframework.boot.test.context.SpringBootContextLoader', parent = [null]], attributes = map['org.springframework.test.context.web.ServletTestExecutionListener.activateListener' -> true]], class annotated with @DirtiesContext [false] with mode [null].
22:51:33.439 [Test worker] DEBUG org.springframework.test.annotation.ProfileValueUtils - Retrieved @ProfileValueSourceConfiguration [null] for test class [com.devjun.intellij.springboot.domain.posts.PostsRepositoryTest]
22:51:33.439 [Test worker] DEBUG org.springframework.test.annotation.ProfileValueUtils - Retrieved ProfileValueSource type [class org.springframework.test.annotation.SystemProfileValueSource] for class [com.devjun.intellij.springboot.domain.posts.PostsRepositoryTest]
22:51:33.469 [Test worker] DEBUG org.springframework.test.context.support.TestPropertySourceUtils - Adding inlined properties to environment: {spring.jmx.enabled=false, org.springframework.boot.test.context.SpringBootTestContextBootstrapper=true, server.port=-1}

  .   ____          _            __ _ _
 /\\ / ___'_ __ _ _(_)_ __  __ _ \ \ \ \
( ( )\___ | '_ | '_| | '_ \/ _` | \ \ \ \
 \\/  ___)| |_)| | | | | || (_| |  ) ) ) )
  '  |____| .__|_| |_|_| |_\__, | / / / /
 =========|_|==============|___/=/_/_/_/
 :: Spring Boot ::        (v2.1.7.RELEASE)

2020-03-10 22:51:33.752  INFO 5952 --- [    Test worker] c.d.i.s.d.posts.PostsRepositoryTest      : Starting PostsRepositoryTest on Devjun with PID 5952 (started by devju in C:\Users\devju\IdeaProjects\Devjun-springboot2-webservice)
2020-03-10 22:51:33.753  INFO 5952 --- [    Test worker] c.d.i.s.d.posts.PostsRepositoryTest      : No active profile set, falling back to default profiles: default
2020-03-10 22:51:34.659  INFO 5952 --- [    Test worker] .s.d.r.c.RepositoryConfigurationDelegate : Bootstrapping Spring Data repositories in DEFAULT mode.
2020-03-10 22:51:34.747  INFO 5952 --- [    Test worker] .s.d.r.c.RepositoryConfigurationDelegate : Finished Spring Data repository scanning in 75ms. Found 2 repository interfaces.
2020-03-10 22:51:35.219  INFO 5952 --- [    Test worker] trationDelegate$BeanPostProcessorChecker : Bean 'org.springframework.transaction.annotation.ProxyTransactionManagementConfiguration' of type [org.springframework.transaction.annotation.ProxyTransactionManagementConfiguration$$EnhancerBySpringCGLIB$$373d8c02] is not eligible for getting processed by all BeanPostProcessors (for example: not eligible for auto-proxying)
2020-03-10 22:51:35.456  INFO 5952 --- [    Test worker] com.zaxxer.hikari.HikariDataSource       : HikariPool-1 - Starting...
2020-03-10 22:51:35.643  INFO 5952 --- [    Test worker] com.zaxxer.hikari.HikariDataSource       : HikariPool-1 - Start completed.
2020-03-10 22:51:35.743  INFO 5952 --- [    Test worker] o.hibernate.jpa.internal.util.LogHelper  : HHH000204: Processing PersistenceUnitInfo [
	name: default
	...]
2020-03-10 22:51:35.846  INFO 5952 --- [    Test worker] org.hibernate.Version                    : HHH000412: Hibernate Core {5.3.10.Final}
2020-03-10 22:51:35.847  INFO 5952 --- [    Test worker] org.hibernate.cfg.Environment            : HHH000206: hibernate.properties not found
2020-03-10 22:51:36.081  INFO 5952 --- [    Test worker] o.hibernate.annotations.common.Version   : HCANN000001: Hibernate Commons Annotations {5.0.4.Final}
2020-03-10 22:51:36.289  INFO 5952 --- [    Test worker] org.hibernate.dialect.Dialect            : HHH000400: Using dialect: org.hibernate.dialect.MySQL5InnoDBDialect
Hibernate: drop table if exists posts
Hibernate: drop table if exists user
Hibernate: create table posts (id bigint not null auto_increment, created_date datetime, modified_date datetime, author varchar(255), content TEXT not null, title varchar(500) not null, primary key (id)) engine=InnoDB
Hibernate: create table user (id bigint not null auto_increment, created_date datetime, modified_date datetime, email varchar(255) not null, name varchar(255) not null, picture varchar(255), role varchar(255) not null, primary key (id)) engine=InnoDB
2020-03-10 22:51:37.106  INFO 5952 --- [    Test worker] o.h.t.schema.internal.SchemaCreatorImpl  : HHH000476: Executing import script 'org.hibernate.tool.schema.internal.exec.ScriptSourceInputNonExistentImpl@18170afa'
2020-03-10 22:51:37.110  INFO 5952 --- [    Test worker] j.LocalContainerEntityManagerFactoryBean : Initialized JPA EntityManagerFactory for persistence unit 'default'
2020-03-10 22:51:37.688  INFO 5952 --- [    Test worker] o.h.h.i.QueryTranslatorFactoryInitiator  : HHH000397: Using ASTQueryTranslatorFactory
2020-03-10 22:51:38.384  INFO 5952 --- [    Test worker] o.s.s.web.DefaultSecurityFilterChain     : Creating filter chain: any request, [org.springframework.security.web.context.request.async.WebAsyncManagerIntegrationFilter@6b7c0647, org.springframework.security.web.context.SecurityContextPersistenceFilter@3b03c9f1, org.springframework.security.web.header.HeaderWriterFilter@598d3d7d, org.springframework.security.web.authentication.logout.LogoutFilter@7ab12421, org.springframework.security.oauth2.client.web.OAuth2AuthorizationRequestRedirectFilter@61c98edc, org.springframework.security.oauth2.client.web.OAuth2LoginAuthenticationFilter@4231fb12, org.springframework.security.web.authentication.ui.DefaultLoginPageGeneratingFilter@165b8f39, org.springframework.security.web.authentication.ui.DefaultLogoutPageGeneratingFilter@5836f71f, org.springframework.security.web.savedrequest.RequestCacheAwareFilter@4fa2b33f, org.springframework.security.web.servletapi.SecurityContextHolderAwareRequestFilter@fc35b2b, org.springframework.security.web.authentication.AnonymousAuthenticationFilter@19571ec2, org.springframework.security.web.session.SessionManagementFilter@35a41a9b, org.springframework.security.web.access.ExceptionTranslationFilter@7d5828fb, org.springframework.security.web.access.intercept.FilterSecurityInterceptor@ac2f4cb]
2020-03-10 22:51:38.933  INFO 5952 --- [    Test worker] o.s.s.concurrent.ThreadPoolTaskExecutor  : Initializing ExecutorService 'applicationTaskExecutor'
2020-03-10 22:51:38.987  WARN 5952 --- [    Test worker] aWebConfiguration$JpaWebMvcConfiguration : spring.jpa.open-in-view is enabled by default. Therefore, database queries may be performed during view rendering. Explicitly configure spring.jpa.open-in-view to disable this warning
2020-03-10 22:51:39.037  INFO 5952 --- [    Test worker] o.s.b.a.w.s.WelcomePageHandlerMapping    : Adding welcome page template: index
2020-03-10 22:51:39.544  INFO 5952 --- [    Test worker] s.a.ScheduledAnnotationBeanPostProcessor : No TaskScheduler/ScheduledExecutorService bean found for scheduled processing
2020-03-10 22:51:39.554  INFO 5952 --- [    Test worker] c.d.i.s.d.posts.PostsRepositoryTest      : Started PostsRepositoryTest in 6.072 seconds (JVM running for 7.149)
Hibernate: insert into posts (created_date, modified_date, author, content, title) values (?, ?, ?, ?, ?)
Hibernate: select posts0_.id as id1_0_, posts0_.created_date as created_2_0_, posts0_.modified_date as modified3_0_, posts0_.author as author4_0_, posts0_.content as content5_0_, posts0_.title as title6_0_ from posts posts0_
Hibernate: select posts0_.id as id1_0_, posts0_.created_date as created_2_0_, posts0_.modified_date as modified3_0_, posts0_.author as author4_0_, posts0_.content as content5_0_, posts0_.title as title6_0_ from posts posts0_
Hibernate: delete from posts where id=?
Hibernate: insert into posts (created_date, modified_date, author, content, title) values (?, ?, ?, ?, ?)
Hibernate: select posts0_.id as id1_0_, posts0_.created_date as created_2_0_, posts0_.modified_date as modified3_0_, posts0_.author as author4_0_, posts0_.content as content5_0_, posts0_.title as title6_0_ from posts posts0_
>>>>>>>>>>>>> createDate=2020-03-10T22:51:39.888 , modifiedDate=2020-03-10T22:51:39.888
Hibernate: select posts0_.id as id1_0_, posts0_.created_date as created_2_0_, posts0_.modified_date as modified3_0_, posts0_.author as author4_0_, posts0_.content as content5_0_, posts0_.title as title6_0_ from posts posts0_
Hibernate: delete from posts where id=?
]]></system-out>
  <system-err><![CDATA[]]></system-err>
</testsuite>
